[19:24:17] This is prokka 1.14.6
[19:24:17] Written by Torsten Seemann <torsten.seemann@gmail.com>
[19:24:17] Homepage is https://github.com/tseemann/prokka
[19:24:17] Local time is Sun May  4 19:24:17 2025
[19:24:17] You are sc1830
[19:24:17] Operating system is linux
[19:24:17] You have BioPerl 1.7.8
[19:24:17] System has 256 cores.
[19:24:17] Will use maximum of 24 cores.
[19:24:17] Annotating as >>> Bacteria <<<
[19:24:17] Generating locus_tag from 'contigs_04S62.fasta' contents.
[19:24:17] Setting --locustag NMMDDGIK from MD5 766dd024b331ecc639fd51f82447f42a
[19:24:17] Creating new output folder: prokka_04S62
[19:24:17] Running: mkdir -p prokka_04S62
[19:24:17] Using filename prefix: PROKKA_05042025.XXX
[19:24:17] Setting HMMER_NCPU=1
[19:24:17] Writing log to: prokka_04S62/PROKKA_05042025.log
[19:24:17] Command: /home/users/sc1830/.conda/envs/prokka-clean/bin/prokka contigs_04S62.fasta --outdir prokka_04S62 --cpus 24 --mincontiglen 200
[19:24:17] Appending to PATH: /home/users/sc1830/.conda/envs/prokka-clean/bin
[19:24:17] Looking for 'aragorn' - found /home/users/sc1830/.conda/envs/prokka-clean/bin/aragorn
[19:24:17] Determined aragorn version is 001002 from 'ARAGORN v1.2.41 Dean Laslett'
[19:24:17] Looking for 'barrnap' - found /home/users/sc1830/.conda/envs/prokka-clean/bin/barrnap
[19:24:17] Determined barrnap version is 000009 from 'barrnap 0.9'
[19:24:17] Looking for 'blastp' - found /home/users/sc1830/.conda/envs/prokka-clean/bin/blastp
[19:24:17] Determined blastp version is 002012 from 'blastp: 2.12.0+'
[19:24:17] Looking for 'cmpress' - found /home/users/sc1830/.conda/envs/prokka-clean/bin/cmpress
[19:24:17] Determined cmpress version is 001001 from '# INFERNAL 1.1.5 (Sep 2023)'
[19:24:17] Looking for 'cmscan' - found /home/users/sc1830/.conda/envs/prokka-clean/bin/cmscan
[19:24:17] Determined cmscan version is 001001 from '# INFERNAL 1.1.5 (Sep 2023)'
[19:24:17] Looking for 'egrep' - found /usr/bin/egrep
[19:24:17] Looking for 'find' - found /usr/bin/find
[19:24:17] Looking for 'grep' - found /usr/bin/grep
[19:24:17] Looking for 'hmmpress' - found /home/users/sc1830/.conda/envs/prokka-clean/bin/hmmpress
[19:24:17] Determined hmmpress version is 003004 from '# HMMER 3.4 (Aug 2023); http://hmmer.org/'
[19:24:17] Looking for 'hmmscan' - found /home/users/sc1830/.conda/envs/prokka-clean/bin/hmmscan
[19:24:17] Determined hmmscan version is 003004 from '# HMMER 3.4 (Aug 2023); http://hmmer.org/'
[19:24:17] Looking for 'java' - found /home/users/sc1830/.conda/envs/prokka-clean/bin/java
[19:24:17] Looking for 'makeblastdb' - found /home/users/sc1830/.conda/envs/prokka-clean/bin/makeblastdb
[19:24:17] Determined makeblastdb version is 002012 from 'makeblastdb: 2.12.0+'
[19:24:17] Looking for 'minced' - found /home/users/sc1830/.conda/envs/prokka-clean/bin/minced
[19:24:17] Determined minced version is 004002 from 'minced 0.4.2'
[19:24:17] Looking for 'parallel' - found /home/users/sc1830/.conda/envs/prokka-clean/bin/parallel
[19:24:17] Determined parallel version is 20250422 from 'GNU parallel 20250422'
[19:24:17] Looking for 'prodigal' - found /home/users/sc1830/.conda/envs/prokka-clean/bin/prodigal
[19:24:17] Determined prodigal version is 002006 from 'Prodigal V2.6.3: February, 2016'
[19:24:17] Looking for 'prokka-genbank_to_fasta_db' - found /home/users/sc1830/.conda/envs/prokka-clean/bin/prokka-genbank_to_fasta_db
[19:24:17] Looking for 'sed' - found /usr/bin/sed
[19:24:17] Looking for 'tbl2asn' - found /home/users/sc1830/.conda/envs/prokka-clean/bin/tbl2asn
[19:24:17] Determined tbl2asn version is 025007 from 'tbl2asn 25.7   arguments:'
[19:24:17] Using genetic code table 11.
[19:24:17] Loading and checking input file: contigs_04S62.fasta
[19:24:17] Skipping short (<200 bp) contig: NODE_682_length_194_cov_232.895522
[19:24:17] Skipping short (<200 bp) contig: NODE_683_length_194_cov_84.940299
[19:24:17] Skipping short (<200 bp) contig: NODE_684_length_193_cov_217.257576
[19:24:17] Skipping short (<200 bp) contig: NODE_685_length_180_cov_143.981132
[19:24:17] Skipping short (<200 bp) contig: NODE_686_length_170_cov_146.488372
[19:24:17] Skipping short (<200 bp) contig: NODE_687_length_169_cov_40.071429
[19:24:17] Skipping short (<200 bp) contig: NODE_688_length_168_cov_67.390244
[19:24:17] Skipping short (<200 bp) contig: NODE_689_length_165_cov_357.631579
[19:24:17] Skipping short (<200 bp) contig: NODE_690_length_148_cov_162.142857
[19:24:17] Skipping short (<200 bp) contig: NODE_691_length_148_cov_62.952381
[19:24:17] Skipping short (<200 bp) contig: NODE_692_length_148_cov_50.238095
[19:24:17] Skipping short (<200 bp) contig: NODE_693_length_143_cov_231.312500
[19:24:17] Skipping short (<200 bp) contig: NODE_694_length_143_cov_85.750000
[19:24:17] Skipping short (<200 bp) contig: NODE_695_length_143_cov_54.500000
[19:24:17] Skipping short (<200 bp) contig: NODE_696_length_141_cov_232.000000
[19:24:17] Skipping short (<200 bp) contig: NODE_697_length_138_cov_139.818182
[19:24:17] Skipping short (<200 bp) contig: NODE_698_length_133_cov_174.333333
[19:24:17] Skipping short (<200 bp) contig: NODE_699_length_132_cov_160.600000
[19:24:17] Skipping short (<200 bp) contig: NODE_700_length_132_cov_157.200000
[19:24:17] Skipping short (<200 bp) contig: NODE_701_length_130_cov_110.333333
[19:24:17] Skipping short (<200 bp) contig: NODE_702_length_128_cov_137958.000000
[19:24:17] Skipping short (<200 bp) contig: NODE_703_length_128_cov_2403.000000
[19:24:17] Wrote 681 contigs totalling 5340871 bp.
[19:24:17] Predicting tRNAs and tmRNAs
[19:24:17] Running: aragorn -l -gc11  -w prokka_04S62\/PROKKA_05042025\.fna
[19:24:19] 1 tRNA-Val [251666,251742] 35 (gac)
[19:24:19] 2 tRNA-Val [251747,251823] 35 (gac)
[19:24:19] 3 tRNA-Leu c[493733,493819] 35 (taa)
[19:24:19] 4 tRNA-Cys c[493832,493905] 33 (gca)
[19:24:19] 5 tRNA-Gly c[493960,494035] 34 (gcc)
[19:24:19] 6 tRNA-Ser c[546800,546889] 35 (cga)
[19:24:19] 7 tRNA-Asn [547881,547956] 34 (gtt)
[19:24:19] 8 tRNA-Asn c[562260,562335] 34 (gtt)
[19:24:19] 9 tRNA-Asn [564084,564159] 34 (gtt)
[19:24:19] 10 tRNA-Pro [840614,840690] 35 (ggg)
[19:24:19] 11 tRNA-Arg [1025159,1025233] 34 (cct)
[19:24:19] 12 tRNA-Ala c[1077473,1077548] 34 (ggc)
[19:24:19] 13 tRNA-Ala c[1077588,1077663] 34 (ggc)
[19:24:19] 14 tRNA-Val [1082109,1082184] 34 (tac)
[19:24:19] 15 tRNA-Val [1082229,1082304] 34 (tac)
[19:24:19] 16 tRNA-Val [1082351,1082426] 34 (tac)
[19:24:19] 17 tRNA-Lys [1082431,1082506] 34 (ttt)
[19:24:19] 1 tmRNA [24636,24998] 90,125 ANDENYALAA**
[19:24:19] 2 tRNA-Met c[32874,32949] 34 (cat)
[19:24:19] 3 tRNA-Arg c[68698,68774] 35 (acg)
[19:24:19] 4 tRNA-Arg c[68838,68914] 35 (acg)
[19:24:19] 5 tRNA-Arg c[68979,69055] 35 (acg)
[19:24:19] 6 tRNA-Ser c[69059,69151] 35 (gct)
[19:24:19] 7 tRNA-Met [191691,191767] 35 (cat)
[19:24:19] 8 tRNA-Met [191801,191877] 35 (cat)
[19:24:19] 9 tRNA-Met [191911,191987] 35 (cat)
[19:24:19] 10 tRNA-Gly c[264713,264786] 33 (ccc)
[19:24:19] 11 tRNA-Phe [393245,393320] 34 (gaa)
[19:24:19] 12 tRNA-Met [523967,524042] 34 (cat)
[19:24:19] 13 tRNA-Met c[626448,626524] 35 (cat)
[19:24:19] 14 tRNA-Leu c[628489,628575] 35 (gag)
[19:24:19] 15 tRNA-Thr c[730933,731008] 34 (ggt)
[19:24:19] 1 tRNA-Lys [48666,48741] 34 (ttt)
[19:24:19] 2 tRNA-Val [48777,48852] 34 (tac)
[19:24:19] 3 tRNA-Lys [48855,48930] 34 (ttt)
[19:24:19] 4 tRNA-Val [48982,49057] 34 (tac)
[19:24:19] 5 tRNA-Lys [49061,49136] 34 (ttt)
[19:24:19] 6 tRNA-Lys [49185,49260] 34 (ttt)
[19:24:19] 7 tRNA-Lys [49294,49369] 34 (ttt)
[19:24:19] 8 tRNA-Ser c[199584,199671] 35 (gga)
[19:24:19] 9 tRNA-Ser c[305126,305213] 35 (tga)
[19:24:19] 10 tRNA-Ser c[359796,359883] 35 (gga)
[19:24:19] 11 tRNA-Tyr c[539649,539733] 35 (gta)
[19:24:19] 12 tRNA-Tyr c[539768,539852] 35 (gta)
[19:24:19] 1 tRNA-Leu [155683,155769] 35 (cag)
[19:24:19] 2 tRNA-Leu [155798,155884] 35 (cag)
[19:24:19] 3 tRNA-Leu [155919,156005] 35 (cag)
[19:24:19] 4 tRNA-Leu c[280104,280188] 35 (caa)
[19:24:19] 5 tRNA-Gly c[384676,384751] 34 (gcc)
[19:24:19] 6 tRNA-Gly c[384787,384862] 34 (gcc)
[19:24:19] 7 tRNA-Gly c[384899,384974] 34 (gcc)
[19:24:19] 8 tRNA-Phe [413835,413910] 34 (gaa)
[19:24:19] 1 tRNA-Thr [57350,57425] 34 (cgt)
[19:24:19] 2 tRNA-Ser [105933,106013] 38 (gga)
[19:24:19] 3 tRNA-Arg [345731,345807] 35 (tct)
[19:24:19] 4 tRNA-Gln c[445920,445994] 33 (ctg)
[19:24:19] 5 tRNA-Gln c[446032,446106] 33 (ctg)
[19:24:19] 6 tRNA-Met c[446155,446231] 35 (cat)
[19:24:19] 7 tRNA-Gln c[446247,446321] 33 (ttg)
[19:24:19] 8 tRNA-Gln c[446356,446430] 33 (ttg)
[19:24:19] 9 tRNA-Leu c[446454,446538] 35 (tag)
[19:24:19] 10 tRNA-Met c[446547,446623] 35 (cat)
[19:24:19] 1 tRNA-Pro c[33183,33259] 35 (cgg)
[19:24:19] 2 tRNA-SeC [167749,167843] 35 (tca)
[19:24:19] 1 tRNA-Thr c[99094,99165] 34 (ggt)
[19:24:19] 1 tRNA-Ser c[68258,68344] 33 (tga)
[19:24:19] 2 tRNA-Thr c[68558,68633] 34 (tgt)
[19:24:19] 3 tRNA-Asn c[68636,68710] 33 (gtt)
[19:24:19] 1 tRNA-Asp [180,256] 35 (gtc)
[19:24:19] 2 tRNA-Trp [265,340] 34 (cca)
[19:24:19] 3 tRNA-Arg [35771,35847] 35 (ccg)
[19:24:19] 4 tRNA-His [35906,35981] 34 (gtg)
[19:24:19] 5 tRNA-Leu [36002,36088] 35 (cag)
[19:24:19] 6 tRNA-Pro [36131,36207] 35 (tgg)
[19:24:19] 1 tRNA-Asp [170,246] 35 (gtc)
[19:24:19] 2 tRNA-Asp [8393,8469] 35 (gtc)
[19:24:19] 3 tRNA-His c[10774,10867] 34 (gtg)
[19:24:19] 1 tRNA-Thr [3575,3650] 34 (tgt)
[19:24:19] 2 tRNA-Tyr [3659,3743] 35 (gta)
[19:24:19] 3 tRNA-Gly [3860,3934] 34 (tcc)
[19:24:19] 4 tRNA-Thr [3941,4016] 34 (ggt)
[19:24:19] 1 tRNA-Ile [152,228] 35 (gat)
[19:24:19] 2 tRNA-Ala [271,346] 34 (tgc)
[19:24:19] 1 tRNA-Glu [131,206] 35 (ttc)
[19:24:19] 1 tRNA-Glu [131,206] 35 (ttc)
[19:24:19] 1 tRNA-Ser c[65,154] 33 (gct)
[19:24:19] 1 tRNA-Gly [200,276] 35 (acc)
[19:24:19] 1 tRNA-Arg c[42,118] 35 (acg)
[19:24:19] 2 tRNA-Arg c[181,257] 35 (acg)
[19:24:19] 1 tRNA-Ile [50,126] 35 (gat)
[19:24:19] 2 tRNA-Ala [169,244] 34 (tgc)
[19:24:19] Found 91 tRNAs
[19:24:19] Predicting Ribosomal RNAs
[19:24:19] Running Barrnap with 24 threads
[19:24:19] 1 NODE_116_length_478_cov_1.390313 408 5S ribosomal RNA (partial)
[19:24:19] 2 NODE_12_length_103331_cov_90.080733 12 5S ribosomal RNA
[19:24:19] 3 NODE_17_length_34739_cov_82.583150 2 5S ribosomal RNA
[19:24:19] 4 NODE_1_length_1289817_cov_80.000615 1289696 5S ribosomal RNA
[19:24:19] 5 NODE_22_length_4467_cov_81.811290 3 5S ribosomal RNA
[19:24:19] 6 NODE_25_length_1403_cov_506.638715 46 16S ribosomal RNA
[19:24:19] 7 NODE_26_length_1383_cov_541.830414 11 23S ribosomal RNA (partial)
[19:24:19] 8 NODE_26_length_1383_cov_541.830414 1268 5S ribosomal RNA
[19:24:19] 9 NODE_28_length_1124_cov_493.622869 13 23S ribosomal RNA (partial)
[19:24:19] 10 NODE_2_length_731141_cov_84.184860 730781 5S ribosomal RNA
[19:24:19] 11 NODE_2_length_731141_cov_84.184860 731026 5S ribosomal RNA
[19:24:19] 12 NODE_4_length_587501_cov_84.238320 587390 5S ribosomal RNA
[19:24:19] Found 12 rRNAs
[19:24:19] Skipping ncRNA search, enable with --rfam if desired.
[19:24:19] Total of 102 tRNA + rRNA features
[19:24:19] Searching for CRISPR repeats
[19:24:20] Found 0 CRISPRs
[19:24:20] Predicting coding sequences
[19:24:20] Contigs total 5340871 bp, so using single mode
[19:24:20] Running: prodigal -i prokka_04S62\/PROKKA_05042025\.fna -c -m -g 11 -p single -f sco -q
[19:24:24] Excluding CDS which overlaps existing RNA (tRNA) at NODE_2_length_731141_cov_84.184860:730856..731128 on + strand
[19:24:25] Excluding CDS which overlaps existing RNA (tRNA) at NODE_5_length_478210_cov_85.356400:106003..106248 on + strand
[19:24:26] Excluding CDS which overlaps existing RNA (tRNA) at NODE_8_length_131025_cov_118.151515:98344..99717 on + strand
[19:24:26] Excluding CDS which overlaps existing RNA (tRNA) at NODE_17_length_34739_cov_82.583150:10650..12533 on - strand
[19:24:26] Excluding CDS which overlaps existing RNA (rRNA) at NODE_25_length_1403_cov_506.638715:145..399 on - strand
[19:24:26] Found 4761 CDS
[19:24:26] Connecting features back to sequences
[19:24:26] Not using genus-specific database. Try --usegenus to enable it.
[19:24:26] Annotating CDS, please be patient.
[19:24:26] Will use 24 CPUs for similarity searching.
[19:24:27] There are still 4761 unannotated CDS left (started with 4761)
[19:24:27] Will use blast to search against /home/users/sc1830/.conda/envs/prokka-clean/db/kingdom/Bacteria/IS with 24 CPUs
[19:24:27] Running: cat prokka_04S62\/PROKKA_05042025\.IS\.tmp\.947541\.faa | parallel --gnu --plain -j 24 --block 32017 --recstart '>' --pipe blastp -query - -db /home/users/sc1830/.conda/envs/prokka-clean/db/kingdom/Bacteria/IS -evalue 1e-30 -qcov_hsp_perc 90 -num_threads 1 -num_descriptions 1 -num_alignments 1 -seg no > prokka_04S62\/PROKKA_05042025\.IS\.tmp\.947541\.blast 2> /dev/null
[19:24:32] Deleting unwanted file: prokka_04S62/PROKKA_05042025.IS.tmp.947541.faa
[19:24:32] Deleting unwanted file: prokka_04S62/PROKKA_05042025.IS.tmp.947541.blast
[19:24:33] There are still 4731 unannotated CDS left (started with 4761)
[19:24:33] Will use blast to search against /home/users/sc1830/.conda/envs/prokka-clean/db/kingdom/Bacteria/AMR with 24 CPUs
[19:24:33] Running: cat prokka_04S62\/PROKKA_05042025\.AMR\.tmp\.947541\.faa | parallel --gnu --plain -j 24 --block 31868 --recstart '>' --pipe blastp -query - -db /home/users/sc1830/.conda/envs/prokka-clean/db/kingdom/Bacteria/AMR -evalue 1e-300 -qcov_hsp_perc 90 -num_threads 1 -num_descriptions 1 -num_alignments 1 -seg no > prokka_04S62\/PROKKA_05042025\.AMR\.tmp\.947541\.blast 2> /dev/null
[19:24:36] Deleting unwanted file: prokka_04S62/PROKKA_05042025.AMR.tmp.947541.faa
[19:24:36] Deleting unwanted file: prokka_04S62/PROKKA_05042025.AMR.tmp.947541.blast
[19:24:37] There are still 4731 unannotated CDS left (started with 4761)
[19:24:37] Will use blast to search against /home/users/sc1830/.conda/envs/prokka-clean/db/kingdom/Bacteria/sprot with 24 CPUs
[19:24:37] Running: cat prokka_04S62\/PROKKA_05042025\.sprot\.tmp\.947541\.faa | parallel --gnu --plain -j 24 --block 31868 --recstart '>' --pipe blastp -query - -db /home/users/sc1830/.conda/envs/prokka-clean/db/kingdom/Bacteria/sprot -evalue 1e-09 -qcov_hsp_perc 80 -num_threads 1 -num_descriptions 1 -num_alignments 1 -seg no > prokka_04S62\/PROKKA_05042025\.sprot\.tmp\.947541\.blast 2> /dev/null
[19:24:52] Modify product: Uncharacterized HTH-type transcriptional regulator YdjF => putative HTH-type transcriptional regulator YdjF
[19:24:52] Modify product: UPF0382 inner membrane protein YgdD => hypothetical protein
[19:24:52] Modify product: Uncharacterized lipoprotein YgdR => putative lipoprotein YgdR
[19:24:52] Modify product: UPF0053 inner membrane protein YgdQ => hypothetical protein
[19:24:52] Modify product: Uncharacterized lipoprotein YgdR => putative lipoprotein YgdR
[19:24:53] Modify product: Probable ATP synthase SpaL => putative ATP synthase SpaL
[19:24:53] Modify product: UPF0053 inner membrane protein YoaE => hypothetical protein
[19:24:53] Modify product: Probable diguanylate cyclase DgcE => putative diguanylate cyclase DgcE
[19:24:53] Modify product: UPF0339 protein YegP => hypothetical protein
[19:24:53] Modify product: 23S rRNA 5-hydroxycytidine C2501 synthase => 23S rRNA 5-hydroxycytidine synthase
[19:24:53] Modify product: Uncharacterized fimbrial-like protein YehA => putative fimbrial-like protein YehA
[19:24:53] Modify product: Probable fimbrial chaperone YehC => putative fimbrial chaperone YehC
[19:24:53] Modify product: Uncharacterized fimbrial-like protein YehD => putative fimbrial-like protein YehD
[19:24:53] Modify product: Uncharacterized protein HI_0341 => putative protein
[19:24:53] Modify product: Probable Fe(2+)-trafficking protein => putative Fe(2+)-trafficking protein
[19:24:53] Modify product: Uncharacterized FAD-linked oxidoreductase Rv2280 => putative FAD-linked oxidoreductase
[19:24:53] Modify product: Uncharacterized protein YtfJ => putative protein YtfJ
[19:24:53] Modify product: Probable Ni/Fe-hydrogenase 2 b-type cytochrome subunit => putative Ni/Fe-hydrogenase 2 b-type cytochrome subunit
[19:24:53] Modify product: Uncharacterized oxidoreductase YghA => putative oxidoreductase YghA
[19:24:53] Modify product: Uncharacterized oxidoreductase YjmC => putative oxidoreductase YjmC
[19:24:53] Modify product: Solute-binding protein Bpro_3107 => Solute-binding protein
[19:24:53] Modify product: Probable deoxycholate-binding periplasmic protein YgiS => putative deoxycholate-binding periplasmic protein YgiS
[19:24:53] Modify product: Probable quinol monooxygenase YgiN => putative quinol monooxygenase YgiN
[19:24:53] Modify product: Probable siderophore transport system permease protein YfiZ => putative siderophore transport system permease protein YfiZ
[19:24:53] Modify product: Probable outer membrane usher protein ElfC => putative outer membrane usher protein ElfC
[19:24:53] Modify product: Uncharacterized fimbrial-like protein ElfG => putative fimbrial-like protein ElfG
[19:24:53] Modify product: Uncharacterized fimbrial-like protein YcbU => putative fimbrial-like protein YcbU
[19:24:53] Modify product: Uncharacterized fimbrial-like protein YcbV => putative fimbrial-like protein YcbV
[19:24:53] Modify product: Uncharacterized fimbrial chaperone YcbF => putative fimbrial chaperone YcbF
[19:24:53] Modify product: Uncharacterized protein YcbX => putative protein YcbX
[19:24:53] Modify product: UPF0319 protein HI_1681 => hypothetical protein
[19:24:53] Modify product: Uncharacterized protein YccU => putative protein YccU
[19:24:53] Modify product: Probable Ni/Fe-hydrogenase 1 B-type cytochrome subunit => putative Ni/Fe-hydrogenase 1 B-type cytochrome subunit
[19:24:53] Modify product: Uncharacterized lipoprotein GfcB => putative lipoprotein GfcB
[19:24:53] Modify product: Uncharacterized protein YccJ => putative protein YccJ
[19:24:53] Modify product: Probable malonic semialdehyde reductase RutE => putative malonic semialdehyde reductase RutE
[19:24:53] Modify product: Probable phosphatase YcdX => putative phosphatase YcdX
[19:24:53] Modify product: Uncharacterized protein YmdA => putative protein YmdA
[19:24:53] Modify product: Probable diguanylate cyclase DgcQ => putative diguanylate cyclase DgcQ
[19:24:53] Modify product: Uncharacterized inner membrane transporter YedA => putative inner membrane transporter YedA
[19:24:53] Modify product: Uncharacterized protein YedJ => putative protein YedJ
[19:24:53] Modify product: Probable transcriptional regulatory protein YeeN => putative transcriptional regulatory protein YeeN
[19:24:53] Modify product: Probable FMN/FAD exporter YeeO => putative FMN/FAD exporter YeeO
[19:24:53] Modify product: Probable L,D-transpeptidase ErfK/SrfK => putative L,D-transpeptidase ErfK/SrfK
[19:24:53] Modify product: UPF0265 protein YeeX => hypothetical protein
[19:24:53] Modify product: UPF0394 inner membrane protein YeeE => hypothetical protein
[19:24:53] Modify product: Uncharacterized protein YnhF => putative protein YnhF
[19:24:53] Modify product: Uncharacterized HTH-type transcriptional regulator YahB => putative HTH-type transcriptional regulator YahB
[19:24:53] Modify product: Uncharacterized protein YdhT => putative protein YdhT
[19:24:53] Modify product: Uncharacterized ferredoxin-like protein YdhX => putative ferredoxin-like protein YdhX
[19:24:53] Modify product: Uncharacterized protein YdhW => putative protein YdhW
[19:24:53] Modify product: Uncharacterized oxidoreductase YdhV => putative oxidoreductase YdhV
[19:24:53] Modify product: Uncharacterized ferredoxin-like protein YdhY => putative ferredoxin-like protein YdhY
[19:24:53] Modify product: Probable L,D-transpeptidase YnhG => putative L,D-transpeptidase YnhG
[19:24:53] Modify product: Probable ATP-dependent transporter SufC => putative ATP-dependent transporter SufC
[19:24:53] Modify product: Uncharacterized protein HI_1163 => putative protein
[19:24:53] Modify product: Uncharacterized protein YdiE => putative protein YdiE
[19:24:53] Modify product: Uncharacterized protein YniD => putative protein YniD
[19:24:53] Modify product: Probable ketoamine kinase lp_1983 => putative ketoamine kinase
[19:24:53] Modify product: Uncharacterized protein YqfG => putative protein YqfG
[19:24:53] Modify product: UPF0073 inner membrane protein YqfA => hypothetical protein
[19:24:53] Modify product: UPF0267 protein YqfB => hypothetical protein
[19:24:53] Modify product: UPF0149 protein HI_0817 => hypothetical protein
[19:24:53] Modify product: UPF0301 protein YqgE => hypothetical protein
[19:24:53] Modify product: Uncharacterized protein YggR => putative protein YggR
[19:24:53] Modify product: UPF0235 protein YggU => hypothetical protein
[19:24:53] Modify product: Solute-binding protein Bamb_6123 => Solute-binding protein
[19:24:53] Modify product: Probable cyclic di-GMP phosphodiesterase PdeA => putative cyclic di-GMP phosphodiesterase PdeA
[19:24:53] Modify product: Uncharacterized protein YfeY => putative protein YfeY
[19:24:53] Modify product: Uncharacterized protein Rv2575 => putative protein
[19:24:53] Modify product: Uncharacterized protein YdfO => putative protein YdfO
[19:24:53] Modify product: Uncharacterized protein YdfR => putative protein YdfR
[19:24:53] Modify product: UPF0060 membrane protein YnfA => hypothetical protein
[19:24:53] Modify product: UPF0482 protein YnfB => hypothetical protein
[19:24:53] Modify product: Uncharacterized protein YnfD => putative protein YnfD
[19:24:53] Modify product: Probable dimethyl sulfoxide reductase chain YnfF => putative dimethyl sulfoxide reductase chain YnfF
[19:24:53] Modify product: Uncharacterized oxidoreductase YdgJ => putative oxidoreductase YdgJ
[19:24:53] Modify product: Probable formate transporter 2 => putative formate transporter 2
[19:24:53] Modify product: Uncharacterized protein YfgD => putative protein YfgD
[19:24:53] Modify product: Uncharacterized protein YfgJ => putative protein YfgJ
[19:24:53] Modify product: UPF0070 protein HI_0370 => hypothetical protein
[19:24:53] Modify product: Uncharacterized protein Rv2307c => putative protein
[19:24:53] Modify product: Probable 3-phenylpropionic acid transporter => putative 3-phenylpropionic acid transporter
[19:24:53] Modify product: Uncharacterized protein YphB => putative protein YphB
[19:24:53] Modify product: Probable siderophore transport system ATP-binding protein YusV => putative siderophore transport system ATP-binding protein YusV
[19:24:53] Modify product: Probable glycerol-3-phosphate acyltransferase => putative glycerol-3-phosphate acyltransferase
[19:24:53] Modify product: Uncharacterized protein YqjD => putative protein YqjD
[19:24:53] Modify product: UPF0597 protein YhaM => hypothetical protein
[19:24:53] Modify product: Probable serine transporter => putative serine transporter
[19:24:53] Modify product: Probable galactarate transporter => putative galactarate transporter
[19:24:53] Modify product: Probable glucosamine-6-phosphate deaminase 2 => putative glucosamine-6-phosphate deaminase 2
[19:24:53] Modify product: UPF0213 protein BH0048 => hypothetical protein
[19:24:53] Modify product: Uncharacterized protease YhbU => putative protease YhbU
[19:24:53] Modify product: Uncharacterized inner membrane transporter YhbE => putative inner membrane transporter YhbE
[19:24:53] Modify product: Uncharacterized protein YrbL => putative protein YrbL
[19:24:53] Modify product: Uncharacterized protein YhcH => putative protein YhcH
[19:24:53] Modify product: Uncharacterized protein YhcO => putative protein YhcO
[19:24:53] Modify product: Probable UbiX-like flavin prenyltransferase => putative UbiX-like flavin prenyltransferase
[19:24:53] Modify product: Uncharacterized protein YgcP => putative protein YgcP
[19:24:53] Modify product: Uncharacterized protein YqcG => putative protein YqcG
[19:24:53] Modify product: Probable glucarate transporter => putative glucarate transporter
[19:24:53] Modify product: Uncharacterized protein PA3435 => putative protein
[19:24:53] Modify product: Uncharacterized protein YqcC => putative protein YqcC
[19:24:53] Modify product: Uncharacterized HTH-type transcriptional regulator YdjF => putative HTH-type transcriptional regulator YdjF
[19:24:53] Modify product: Uncharacterized sugar kinase YdjH => putative sugar kinase YdjH
[19:24:53] Modify product: Uncharacterized protein YdjI => putative protein YdjI
[19:24:53] Modify product: Uncharacterized zinc-type alcohol dehydrogenase-like protein YdjJ => putative zinc-type alcohol dehydrogenase-like protein YdjJ
[19:24:53] Modify product: Stress response UPF0229 protein YhbH => hypothetical protein
[19:24:53] Modify product: Probable diguanylate cyclase CdgI => putative diguanylate cyclase CdgI
[19:24:53] Modify product: Probable diguanylate cyclase DgcJ => putative diguanylate cyclase DgcJ
[19:24:53] Modify product: Uncharacterized protein YeaR => putative protein YeaR
[19:24:53] Modify product: Probable ATP-dependent DNA helicase YoaA => putative ATP-dependent DNA helicase YoaA
[19:24:53] Modify product: Probable cyclic di-GMP phosphodiesterase PdeD => putative cyclic di-GMP phosphodiesterase PdeD
[19:24:53] Modify product: UPF0053 inner membrane protein YoaE => hypothetical protein
[19:24:53] Modify product: UPF0266 membrane protein YobD => hypothetical protein
[19:24:53] Modify product: Probable manganese efflux pump MntP => putative manganese efflux pump MntP
[19:24:53] Modify product: Uncharacterized tRNA/rRNA methyltransferase YfiF => putative tRNA/rRNA methyltransferase YfiF
[19:24:53] Modify product: UPF0053 inner membrane protein YfjD => hypothetical protein
[19:24:53] Modify product: UPF0125 protein RatB => hypothetical protein
[19:24:53] Modify product: Probable autotransporter ROD_p1121 => putative autotransporter
[19:24:53] Modify product: Probable HTH-type transcriptional regulator YgaV => putative HTH-type transcriptional regulator YgaV
[19:24:53] Modify product: Uncharacterized protein YgaM => putative protein YgaM
[19:24:53] Modify product: Probable transporter SCO4007 => putative transporter
[19:24:53] Modify product: UPF0176 protein YceA => hypothetical protein
[19:24:53] Modify product: Cytochrome b561 homolog 2 => Cytochrome b561 
[19:24:53] Modify product: Uncharacterized protein YceO => putative protein YceO
[19:24:53] Modify product: Uncharacterized lipoprotein YceB => putative lipoprotein YceB
[19:24:53] Modify product: UPF0502 protein YceH => hypothetical protein
[19:24:53] Modify product: Uncharacterized metal-dependent hydrolase YcfH => putative metal-dependent hydrolase YcfH
[19:24:53] Modify product: UPF0227 protein YcfP => hypothetical protein
[19:24:53] Modify product: Probable L,D-transpeptidase YcfS => putative L,D-transpeptidase YcfS
[19:24:53] Modify product: Uncharacterized protein YdfO => putative protein YdfO
[19:24:53] Modify product: Probable two-component-system connector protein YcgZ => putative two-component-system connector protein YcgZ
[19:24:53] Modify product: Probable two-component-system connector protein AriR => putative two-component-system connector protein AriR
[19:24:53] Modify product: Uncharacterized protein YmgC => putative protein YmgC
[19:24:53] Modify product: Probable cyclic di-GMP phosphodiesterase PdeG => putative cyclic di-GMP phosphodiesterase PdeG
[19:24:53] Modify product: Uncharacterized protein YmgD => putative protein YmgD
[19:24:53] Modify product: UPF0757 protein YmgG => hypothetical protein
[19:24:53] Modify product: Probable autotransporter ROD_p1121 => putative autotransporter
[19:24:53] Modify product: Uncharacterized protein YcgM => putative protein YcgM
[19:24:53] Modify product: Uncharacterized protein YebV => putative protein YebV
[19:24:53] Modify product: Probable transcriptional regulatory protein YebC => putative transcriptional regulatory protein YebC
[19:24:53] Modify product: UPF0394 inner membrane protein YedE => hypothetical protein
[19:24:53] Modify product: UPF0098 protein YbcL => hypothetical protein
[19:24:53] Modify product: Uncharacterized isomerase YddE => putative isomerase YddE
[19:24:53] Modify product: Probable nitrate reductase molybdenum cofactor assembly chaperone NarW => putative nitrate reductase molybdenum cofactor assembly chaperone NarW
[19:24:54] Modify product: Uncharacterized HTH-type transcriptional regulator YddM => putative HTH-type transcriptional regulator YddM
[19:24:54] Modify product: Probable D,D-dipeptide transport ATP-binding protein DdpF => putative D,D-dipeptide transport ATP-binding protein DdpF
[19:24:54] Modify product: Probable D,D-dipeptide transport ATP-binding protein DdpD => putative D,D-dipeptide transport ATP-binding protein DdpD
[19:24:54] Modify product: Probable D,D-dipeptide transport system permease protein DdpC => putative D,D-dipeptide transport system permease protein DdpC
[19:24:54] Modify product: Probable D,D-dipeptide transport system permease protein DdpB => putative D,D-dipeptide transport system permease protein DdpB
[19:24:54] Modify product: Probable D,D-dipeptide-binding periplasmic protein DdpA => putative D,D-dipeptide-binding periplasmic protein DdpA
[19:24:54] Modify product: Probable glutamate/gamma-aminobutyrate antiporter => putative glutamate/gamma-aminobutyrate antiporter
[19:24:54] Modify product: UPF0056 inner membrane protein MarC => hypothetical protein
[19:24:54] Modify product: Probable amino-acid metabolite efflux pump => putative amino-acid metabolite efflux pump
[19:24:54] Modify product: Probable autotransporter YfaL => putative autotransporter YfaL
[19:24:54] Modify product: Uncharacterized HTH-type transcriptional regulator RhmR => putative HTH-type transcriptional regulator RhmR
[19:24:54] Modify product: Probable 4-deoxy-4-formamido-L-arabinose-phosphoundecaprenol deformylase ArnD => putative 4-deoxy-4-formamido-L-arabinose-phosphoundecaprenol deformylase ArnD
[19:24:54] Modify product: Probable 4-amino-4-deoxy-L-arabinose-phosphoundecaprenol flippase subunit ArnE => putative 4-amino-4-deoxy-L-arabinose-phosphoundecaprenol flippase subunit ArnE
[19:24:54] Modify product: Probable 4-amino-4-deoxy-L-arabinose-phosphoundecaprenol flippase subunit ArnF => putative 4-amino-4-deoxy-L-arabinose-phosphoundecaprenol flippase subunit ArnF
[19:24:54] Modify product: Uncharacterized protein YehL => putative protein YehL
[19:24:54] Modify product: Uncharacterized lipoprotein YehR => putative lipoprotein YehR
[19:24:54] Modify product: UPF0387 membrane protein YohO => hypothetical protein
[19:24:54] Modify product: Uncharacterized oxidoreductase YohF => putative oxidoreductase YohF
[19:24:54] Modify product: UPF0299 membrane protein YohJ => hypothetical protein
[19:24:54] Modify product: UPF0324 inner membrane protein YeiH => hypothetical protein
[19:24:54] Modify product: UPF0153 protein YeiW => hypothetical protein
[19:24:54] Modify product: Probable cyclic di-GMP phosphodiesterase PdeN => putative cyclic di-GMP phosphodiesterase PdeN
[19:24:54] Modify product: Uncharacterized ABC transporter ATP-binding protein YejF => putative ABC transporter ATP-binding protein YejF
[19:24:54] Modify product: Uncharacterized protein YejG => putative protein YejG
[19:24:54] Modify product: UPF0352 protein YejL => hypothetical protein
[19:24:54] Modify product: Probable autotransporter ROD_p1121 => putative autotransporter
[19:24:54] Modify product: UPF0098 protein YbhB => hypothetical protein
[19:24:54] Modify product: Probable multidrug ABC transporter permease YbhR => putative multidrug ABC transporter permease YbhR
[19:24:54] Modify product: Probable multidrug ABC transporter permease YbhS => putative multidrug ABC transporter permease YbhS
[19:24:54] Modify product: Probable multidrug ABC transporter ATP-binding protein YbhF => putative multidrug ABC transporter ATP-binding protein YbhF
[19:24:54] Modify product: UPF0194 membrane protein YbhG => hypothetical protein
[19:24:54] Modify product: Uncharacterized protein YbiB => putative protein YbiB
[19:24:54] Modify product: Uncharacterized protein YbiI => putative protein YbiI
[19:24:54] Modify product: PKHD-type hydroxylase Sbal_3634 => PKHD-type hydroxylase
[19:24:54] Modify product: Uncharacterized protein McbA => putative protein McbA
[19:24:54] Modify product: Probable L,D-transpeptidase YbiS => putative L,D-transpeptidase YbiS
[19:24:54] Modify product: Uncharacterized ABC transporter ATP-binding protein YbiT => putative ABC transporter ATP-binding protein YbiT
[19:24:54] Modify product: Uncharacterized protein YbiU => putative protein YbiU
[19:24:54] Modify product: Probable cyclic di-GMP phosphodiesterase PdeI => putative cyclic di-GMP phosphodiesterase PdeI
[19:24:54] Modify product: Uncharacterized protein YbjN => putative protein YbjN
[19:24:54] Modify product: Probable acrylyl-CoA reductase AcuI => putative acrylyl-CoA reductase AcuI
[19:24:54] Modify product: Uncharacterized membrane protein YhdT => putative membrane protein YhdT
[19:24:54] Modify product: GTP cyclohydrolase 1 type 2 homolog => GTP cyclohydrolase 1 type 2 
[19:24:54] Modify product: UPF0304 protein YfbU => hypothetical protein
[19:24:54] Modify product: UPF0208 membrane protein YfbV => hypothetical protein
[19:24:54] Modify product: Uncharacterized Nudix hydrolase YfcD => putative Nudix hydrolase YfcD
[19:24:54] Modify product: Epimerase family protein SA0724 => Epimerase family protein
[19:24:54] Modify product: Uncharacterized MFS-type transporter YfcJ => putative MFS-type transporter YfcJ
[19:24:54] Modify product: Probable membrane transporter protein YfcA => putative membrane transporter protein YfcA
[19:24:54] Modify product: Uncharacterized protein YfcO => putative protein YfcO
[19:24:54] Modify product: Uncharacterized fimbrial-like protein YfcP => putative fimbrial-like protein YfcP
[19:24:54] Modify product: Uncharacterized fimbrial-like protein YfcQ => putative fimbrial-like protein YfcQ
[19:24:54] Modify product: Uncharacterized fimbrial-like protein YfcR => putative fimbrial-like protein YfcR
[19:24:54] Modify product: Probable fimbrial chaperone YfcS => putative fimbrial chaperone YfcS
[19:24:54] Modify product: Uncharacterized fimbrial-like protein YfcV => putative fimbrial-like protein YfcV
[19:24:54] Modify product: UPF0381 protein YiiS => hypothetical protein
[19:24:54] Modify product: Probable multidrug resistance protein EmrY => putative multidrug resistance protein EmrY
[19:24:54] Modify product: Probable multidrug resistance protein EmrK => putative multidrug resistance protein EmrK
[19:24:54] Modify product: Uncharacterized lipoprotein YbjP => putative lipoprotein YbjP
[19:24:54] Modify product: UPF0145 protein YbjQ => hypothetical protein
[19:24:54] Modify product: Probable hydrolase YcaC => putative hydrolase YcaC
[19:24:54] Modify product: Uncharacterized MFS-type transporter YcaD => putative MFS-type transporter YcaD
[19:24:54] Modify product: UPF0434 protein YcaR => hypothetical protein
[19:24:54] Modify product: Probable L,D-transpeptidase YcbB => putative L,D-transpeptidase YcbB
[19:24:54] Modify product: Probable fimbrial chaperone protein ElfD => putative fimbrial chaperone protein ElfD
[19:24:54] Modify product: Probable type I restriction enzyme BthVORF4518P M protein => putative type I restriction enzymeP M protein
[19:24:54] Modify product: Uncharacterized protein YjiK => putative protein YjiK
[19:24:54] Modify product: Probable RNA 2'-phosphotransferase => putative RNA 2'-phosphotransferase
[19:24:54] Modify product: Probable major fimbrial subunit LpfA => putative major fimbrial subunit LpfA
[19:24:54] Modify product: Probable N-acetylneuraminic acid outer membrane channel protein NanC => putative N-acetylneuraminic acid outer membrane channel protein NanC
[19:24:54] Modify product: Probable 9-O-acetyl-N-acetylneuraminic acid deacetylase => putative 9-O-acetyl-N-acetylneuraminic acid deacetylase
[19:24:54] Modify product: Uncharacterized fimbrial-like protein YehD => putative fimbrial-like protein YehD
[19:24:54] Modify product: Probable fimbrial chaperone YehC => putative fimbrial chaperone YehC
[19:24:54] Modify product: Probable inner membrane protein Smp => putative inner membrane protein Smp
[19:24:54] Modify product: Uncharacterized protein YjjI => putative protein YjjI
[19:24:54] Modify product: Uncharacterized metal-dependent hydrolase YjjV => putative metal-dependent hydrolase YjjV
[19:24:54] Modify product: UPF0442 protein YjjB => hypothetical protein
[19:24:54] Modify product: Probable HTH-type transcriptional regulator LgoR => putative HTH-type transcriptional regulator LgoR
[19:24:54] Modify product: Probable L-galactonate transporter => putative L-galactonate transporter
[19:24:54] Modify product: Uncharacterized ABC transporter ATP-binding protein HI_1470 => putative ABC transporter ATP-binding protein
[19:24:54] Modify product: Probable ABC transporter permease protein HI_1471 => putative ABC transporter permease protein
[19:24:54] Modify product: UPF0225 protein YchJ => hypothetical protein
[19:24:54] Modify product: Uncharacterized NTE family protein Rv1063c => putative NTE family protein
[19:24:54] Modify product: UPF0056 inner membrane protein MarC => hypothetical protein
[19:24:54] Modify product: UPF0263 protein YciU => hypothetical protein
[19:24:54] Modify product: Uncharacterized acyl-CoA thioester hydrolase HI_0827 => putative acyl-CoA thioester hydrolase
[19:24:54] Modify product: Probable intracellular septation protein A => putative intracellular septation protein A
[19:24:54] Modify product: UPF0259 membrane protein YciC => hypothetical protein
[19:24:54] Modify product: Uncharacterized protein YciO => putative protein YciO
[19:24:54] Modify product: Uncharacterized oxidoreductase YciK => putative oxidoreductase YciK
[19:24:54] Modify product: Probable protease SohB => putative protease SohB
[19:24:54] Modify product: Uncharacterized protein YciH => putative protein YciH
[19:24:54] Modify product: UPF0509 protein YciZ => hypothetical protein
[19:24:54] Modify product: Probable efflux pump outer membrane protein TtgC => putative efflux pump outer membrane protein TtgC
[19:24:54] Modify product: Uncharacterized protein YcjX => putative protein YcjX
[19:24:54] Modify product: UPF0283 membrane protein YcjF => hypothetical protein
[19:24:54] Modify product: Probable DNA endonuclease SmrA => putative DNA endonuclease SmrA
[19:24:54] Modify product: Uncharacterized protein YnbC => putative protein YnbC
[19:24:54] Modify product: Uncharacterized protein YnbD => putative protein YnbD
[19:24:54] Modify product: Uncharacterized protein Rv3292 => putative protein
[19:24:54] Modify product: Uncharacterized protein YjgL => putative protein YjgL
[19:24:54] Modify product: UPF0307 protein YjgA => hypothetical protein
[19:24:54] Modify product: UPF0053 inner membrane protein YtfL => hypothetical protein
[19:24:54] Modify product: Uncharacterized protein YtfJ => putative protein YtfJ
[19:24:54] Modify product: Probable L-ascorbate-6-phosphate lactonase UlaG => putative L-ascorbate-6-phosphate lactonase UlaG
[19:24:54] Modify product: UPF0719 inner membrane protein YjfL => hypothetical protein
[19:24:54] Modify product: Uncharacterized N-acetyltransferase YafP => putative N-acetyltransferase YafP
[19:24:54] Modify product: UPF0255 protein VV1_0328 => hypothetical protein
[19:24:54] Modify product: Probable fimbrial chaperone EcpE => putative fimbrial chaperone EcpE
[19:24:54] Modify product: Probable outer membrane usher protein EcpC => putative outer membrane usher protein EcpC
[19:24:54] Modify product: Probable fimbrial chaperone EcpB => putative fimbrial chaperone EcpB
[19:24:54] Modify product: Uncharacterized membrane protein YkgR => putative membrane protein YkgR
[19:24:54] Modify product: Uncharacterized oxidoreductase YtbE => putative oxidoreductase YtbE
[19:24:54] Modify product: Probable pyridine nucleotide-disulfide oxidoreductase RclA => putative pyridine nucleotide-disulfide oxidoreductase RclA
[19:24:54] Modify product: Uncharacterized HTH-type transcriptional regulator YahB => putative HTH-type transcriptional regulator YahB
[19:24:54] Modify product: Uncharacterized transporter YycB => putative transporter YycB
[19:24:54] Modify product: Uncharacterized ferredoxin-like protein YdhX => putative ferredoxin-like protein YdhX
[19:24:54] Modify product: Probable cyclic di-GMP phosphodiesterase PdeC => putative cyclic di-GMP phosphodiesterase PdeC
[19:24:54] Modify product: Uncharacterized protein YjbR => putative protein YjbR
[19:24:54] Modify product: UPF0337 protein YjbJ => hypothetical protein
[19:24:54] Modify product: Uncharacterized lipoprotein GfcB => putative lipoprotein GfcB
[19:24:54] Modify product: Shikimate dehydrogenase-like protein HI_0607 => Shikimate dehydrogenase-like protein
[19:24:54] Modify product: 23S rRNA 5-hydroxycytidine C2501 synthase => 23S rRNA 5-hydroxycytidine synthase
[19:24:54] Modify product: Uncharacterized protein YdcY => putative protein YdcY
[19:24:54] Modify product: Uncharacterized protein YncE => putative protein YncE
[19:24:54] Modify product: Probable peptidoglycan glycosyltransferase FtsW => putative peptidoglycan glycosyltransferase FtsW
[19:24:54] Modify product: Uncharacterized lipoprotein ChiQ => putative lipoprotein ChiQ
[19:24:54] Modify product: Uncharacterized protein YbfE => putative protein YbfE
[19:24:54] Modify product: Protein SlyX homolog => Protein SlyX 
[19:24:54] Modify product: Uncharacterized ABC transporter ATP-binding protein YheS => putative ABC transporter ATP-binding protein YheS
[19:24:54] Modify product: UPF0270 protein PA3463 => hypothetical protein
[19:24:54] Modify product: Probable protein adenylyltransferase Fic => putative protein adenylyltransferase Fic
[19:24:54] Modify product: Uncharacterized protein YhfG => putative protein YhfG
[19:24:54] Modify product: Uncharacterized protein YhfS => putative protein YhfS
[19:24:54] Modify product: Uncharacterized protein YhfX => putative protein YhfX
[19:24:54] Modify product: Putative membrane protein IgaA homolog => Putative membrane protein IgaA 
[19:24:54] Modify product: Uncharacterized protein YihR => putative protein YihR
[19:24:54] Modify product: UPF0761 membrane protein YihY => hypothetical protein
[19:24:54] Modify product: Uncharacterized protein HI_0431 => putative protein
[19:24:54] Modify product: Probable transport protein HsrA => putative transport protein HsrA
[19:24:54] Modify product: Probable diguanylate cyclase DgcC => putative diguanylate cyclase DgcC
[19:24:54] Modify product: UPF0178 protein YaiI => hypothetical protein
[19:24:54] Modify product: Uncharacterized protein YaiA => putative protein YaiA
[19:24:55] Modify product: Uncharacterized lipoprotein YajI => putative lipoprotein YajI
[19:24:55] Modify product: UPF0234 protein YajQ => hypothetical protein
[19:24:55] Modify product: Uncharacterized protein HI_1008 => putative protein
[19:24:55] Modify product: Probable multidrug resistance ABC transporter ATP-binding/permease protein YheI => putative multidrug resistance ABC transporter ATP-binding/permease protein YheI
[19:24:55] Modify product: Uncharacterized inner membrane transporter YicL => putative inner membrane transporter YicL
[19:24:55] Modify product: Multidrug efflux ATP-binding/permease protein Rv0194 => Multidrug efflux ATP-binding/permease protein
[19:24:55] Modify product: UPF0401 protein YkfF => hypothetical protein
[19:24:55] Modify product: Uncharacterized HTH-type transcriptional regulator YahB => putative HTH-type transcriptional regulator YahB
[19:24:55] Modify product: Probable 2-dehydro-3-deoxygalactonokinase DgoK1 => putative 2-dehydro-3-deoxygalactonokinase DgoK1
[19:24:55] Modify product: Probable protein kinase UbiB => putative protein kinase UbiB
[19:24:55] Modify product: Probable cystine transporter YijE => putative cystine transporter YijE
[19:24:55] Modify product: Uncharacterized protein HI_0227 => putative protein
[19:24:55] Modify product: Uncharacterized GST-like protein YibF => putative GST-like protein YibF
[19:24:55] Modify product: Uncharacterized protein YibL => putative protein YibL
[19:24:55] Modify product: Uncharacterized protein YibN => putative protein YibN
[19:24:55] Modify product: Uncharacterized protein HI_0755 => putative protein
[19:24:55] Modify product: UPF0758 protein SP_1088 => hypothetical protein
[19:24:55] Modify product: UPF0701 protein YicC => hypothetical protein
[19:24:55] Modify product: UPF0126 inner membrane protein YicG => hypothetical protein
[19:24:55] Modify product: Probable fructose-bisphosphate aldolase => putative fructose-bisphosphate aldolase
[19:24:55] Modify product: Uncharacterized symporter YidK => putative symporter YidK
[19:24:55] Modify product: Probable 2-dehydro-3-deoxygalactonokinase DgoK1 => putative 2-dehydro-3-deoxygalactonokinase DgoK1
[19:24:55] Modify product: Probable minor fimbrial subunit LpfD => putative minor fimbrial subunit LpfD
[19:24:55] Modify product: Probable outer membrane usher protein ElfC => putative outer membrane usher protein ElfC
[19:24:55] Modify product: UPF0716 protein FxsA => hypothetical protein
[19:24:55] Modify product: Probable cadaverine/lysine antiporter => putative cadaverine/lysine antiporter
[19:24:55] Modify product: Uncharacterized protein YjdJ => putative protein YjdJ
[19:24:55] Modify product: Probable transcriptional regulator PhnF => putative transcriptional regulator PhnF
[19:24:55] Modify product: Uncharacterized protein HI_0933 => putative protein
[19:24:55] Modify product: Probable cyclic di-GMP phosphodiesterase PdeK => putative cyclic di-GMP phosphodiesterase PdeK
[19:24:55] Modify product: Uncharacterized MFS-type transporter YhjX => putative MFS-type transporter YhjX
[19:24:55] Modify product: Probable lipoprotein YiaD => putative lipoprotein YiaD
[19:24:55] Modify product: Uncharacterized methyltransferase YcgJ => putative methyltransferase YcgJ
[19:24:55] Modify product: Probable acyltransferase YihG => putative acyltransferase YihG
[19:24:55] Modify product: Probable GTP-binding protein EngB => putative GTP-binding protein EngB
[19:24:55] Modify product: Uncharacterized protein YshB => putative protein YshB
[19:24:55] Modify product: UPF0381 protein YiiS => hypothetical protein
[19:24:55] Modify product: Uncharacterized fimbrial-like protein YadM => putative fimbrial-like protein YadM
[19:24:55] Modify product: Uncharacterized fimbrial-like protein YadL => putative fimbrial-like protein YadL
[19:24:55] Modify product: Uncharacterized fimbrial-like protein YadK => putative fimbrial-like protein YadK
[19:24:55] Modify product: Uncharacterized fimbrial-like protein YadC => putative fimbrial-like protein YadC
[19:24:55] Modify product: Uncharacterized ABC transporter ATP-binding protein YadG => putative ABC transporter ATP-binding protein YadG
[19:24:55] Modify product: UPF0231 protein YacL => hypothetical protein
[19:24:55] Modify product: UPF0438 protein YifE => hypothetical protein
[19:24:55] Modify product: Probable ECA polymerase => putative ECA polymerase
[19:24:55] Modify product: Probable transport protein YifK => putative transport protein YifK
[19:24:55] Modify product: Probable [Fe-S]-dependent transcriptional repressor FeoC => putative [Fe-S]-dependent transcriptional repressor FeoC
[19:24:55] Modify product: UPF0056 inner membrane protein YhgN => hypothetical protein
[19:24:55] Modify product: Uncharacterized oxidoreductase YhhX => putative oxidoreductase YhhX
[19:24:55] Modify product: Uncharacterized protein YhhA => putative protein YhhA
[19:24:55] Modify product: Uncharacterized MFS-type transporter YhhS => putative MFS-type transporter YhhS
[19:24:55] Modify product: Uncharacterized protein YbcJ => putative protein YbcJ
[19:24:55] Modify product: Bifunctional protein FolD => Bifunctional protein FolD protein
[19:24:55] Modify product: Uncharacterized fimbrial-like protein SfmA => putative fimbrial-like protein SfmA
[19:24:55] Modify product: Probable fimbrial chaperone SfmC => putative fimbrial chaperone SfmC
[19:24:55] Modify product: Uncharacterized fimbrial-like protein SfmH => putative fimbrial-like protein SfmH
[19:24:55] Modify product: Uncharacterized fimbrial-like protein SfmF => putative fimbrial-like protein SfmF
[19:24:55] Modify product: Uncharacterized protein YbdM => putative protein YbdM
[19:24:55] Modify product: Uncharacterized HTH-type transcriptional regulator YbdO => putative HTH-type transcriptional regulator YbdO
[19:24:55] Modify product: Uncharacterized HTH-type transcriptional regulator YbdO => putative HTH-type transcriptional regulator YbdO
[19:24:55] Modify product: UPF0250 protein YbeD => hypothetical protein
[19:24:55] Modify product: Uncharacterized protein YaeQ => putative protein YaeQ
[19:24:55] Modify product: UPF0253 protein YaeP => hypothetical protein
[19:24:55] Modify product: UPF0126 inner membrane protein YadS => hypothetical protein
[19:24:55] Modify product: Uncharacterized fimbrial-like protein YadN => putative fimbrial-like protein YadN
[19:24:55] Modify product: Probable fimbrial chaperone YadV => putative fimbrial chaperone YadV
[19:24:55] Modify product: Uncharacterized lipoprotein YbaY => putative lipoprotein YbaY
[19:24:55] Modify product: Uncharacterized protein YbaA => putative protein YbaA
[19:24:55] Modify product: Probable cyclic di-GMP phosphodiesterase PdeB => putative cyclic di-GMP phosphodiesterase PdeB
[19:24:55] Modify product: Uncharacterized HTH-type transcriptional regulator YbaQ => putative HTH-type transcriptional regulator YbaQ
[19:24:55] Modify product: Probable iron export ATP-binding protein FetA => putative iron export ATP-binding protein FetA
[19:24:55] Modify product: Probable iron export permease protein FetB => putative iron export permease protein FetB
[19:24:55] Modify product: Probable [Fe-S]-dependent transcriptional repressor => putative [Fe-S]-dependent transcriptional repressor
[19:24:55] Modify product: Uncharacterized protein YdhW => putative protein YdhW
[19:24:55] Modify product: UPF0053 inner membrane protein YtfL => hypothetical protein
[19:24:55] Cleaned 364 /product names
[19:24:55] Deleting unwanted file: prokka_04S62/PROKKA_05042025.sprot.tmp.947541.faa
[19:24:55] Deleting unwanted file: prokka_04S62/PROKKA_05042025.sprot.tmp.947541.blast
[19:24:55] There are still 1135 unannotated CDS left (started with 4761)
[19:24:55] Will use hmmer3 to search against /home/users/sc1830/.conda/envs/prokka-clean/db/hmm/HAMAP.hmm with 24 CPUs
[19:24:55] Running: cat prokka_04S62\/PROKKA_05042025\.HAMAP\.hmm\.tmp\.947541\.faa | parallel --gnu --plain -j 24 --block 6457 --recstart '>' --pipe hmmscan --noali --notextw --acc -E 1e-09 --cpu 1 /home/users/sc1830/.conda/envs/prokka-clean/db/hmm/HAMAP.hmm /dev/stdin > prokka_04S62\/PROKKA_05042025\.HAMAP\.hmm\.tmp\.947541\.hmmer3 2> /dev/null
[19:25:01] Modify product: Uncharacterized Nudix hydrolase NudL => putative Nudix hydrolase NudL
[19:25:01] Cleaned 1 /product names
[19:25:01] Deleting unwanted file: prokka_04S62/PROKKA_05042025.HAMAP.hmm.tmp.947541.faa
[19:25:01] Deleting unwanted file: prokka_04S62/PROKKA_05042025.HAMAP.hmm.tmp.947541.hmmer3
[19:25:01] Labelling remaining 1031 proteins as 'hypothetical protein'
[19:25:01] Possible /pseudo 'Formate dehydrogenase, nitrate-inducible, major subunit' at NODE_1_length_1289817_cov_80.000615 position 20564
[19:25:01] Possible /pseudo 'D-inositol-3-phosphate glycosyltransferase' at NODE_1_length_1289817_cov_80.000615 position 627748
[19:25:01] Possible /pseudo 'D-inositol-3-phosphate glycosyltransferase' at NODE_1_length_1289817_cov_80.000615 position 628957
[19:25:01] Possible /pseudo 'Tyrosine recombinase XerD' at NODE_1_length_1289817_cov_80.000615 position 1036503
[19:25:01] Possible /pseudo 'IS200/IS605 family transposase IS609' at NODE_1_length_1289817_cov_80.000615 position 1079565
[19:25:01] Possible /pseudo 'Energy-coupling factor transporter ATP-binding protein EcfA1' at NODE_2_length_731141_cov_84.184860 position 343809
[19:25:01] Possible /pseudo 'ISKra4 family transposase ISCep1' at NODE_4_length_587501_cov_84.238320 position 229029
[19:25:01] Possible /pseudo 'Formate dehydrogenase H' at NODE_4_length_587501_cov_84.238320 position 501179
[19:25:01] Possible /pseudo 'Outer membrane usher protein SfmD' at NODE_5_length_478210_cov_85.356400 position 341449
[19:25:01] Possible /pseudo 'Small toxic polypeptide LdrD' at NODE_7_length_183822_cov_84.931789 position 24387
[19:25:01] Possible /pseudo 'Small toxic polypeptide LdrD' at NODE_7_length_183822_cov_84.931789 position 24871
[19:25:01] Possible /pseudo 'Periplasmic alpha-amylase' at NODE_7_length_183822_cov_84.931789 position 62885
[19:25:01] Possible /pseudo 'IS481 family transposase ISEc19' at NODE_8_length_131025_cov_118.151515 position 58660
[19:25:01] Possible /pseudo 'IS3 family transposase ISEc16' at NODE_8_length_131025_cov_118.151515 position 130693
[19:25:01] Possible /pseudo 'Putative 2,3-dihydroxypropane-1-sulfonate exporter' at NODE_14_length_43313_cov_86.097763 position 2357
[19:25:01] Possible /pseudo 'Formate dehydrogenase-O major subunit' at NODE_14_length_43313_cov_86.097763 position 23864
[19:25:01] Found 3204 unique /gene codes.
[19:25:01] Fixed 2 duplicate /gene - kdgK_1 kdgK_2
[19:25:01] Fixed 2 duplicate /gene - gltJ_1 gltJ_2
[19:25:01] Fixed 5 duplicate /gene - srlR_1 srlR_2 srlR_3 srlR_4 srlR_5
[19:25:01] Fixed 2 duplicate /gene - rtcB_1 rtcB_2
[19:25:01] Fixed 2 duplicate /gene - epsE_1 epsE_2
[19:25:01] Fixed 2 duplicate /gene - cysB_1 cysB_2
[19:25:01] Fixed 2 duplicate /gene - chbA_1 chbA_2
[19:25:01] Fixed 5 duplicate /gene - hyfA_1 hyfA_2 hyfA_3 hyfA_4 hyfA_5
[19:25:01] Fixed 2 duplicate /gene - vapC_1 vapC_2
[19:25:01] Fixed 2 duplicate /gene - secB_1 secB_2
[19:25:01] Fixed 2 duplicate /gene - fliF_1 fliF_2
[19:25:01] Fixed 2 duplicate /gene - cysE_1 cysE_2
[19:25:01] Fixed 2 duplicate /gene - slp_1 slp_2
[19:25:01] Fixed 3 duplicate /gene - glnQ_1 glnQ_2 glnQ_3
[19:25:01] Fixed 2 duplicate /gene - rpoD_1 rpoD_2
[19:25:01] Fixed 2 duplicate /gene - ccmH_1 ccmH_2
[19:25:01] Fixed 2 duplicate /gene - sgrR_1 sgrR_2
[19:25:01] Fixed 2 duplicate /gene - fdnH_1 fdnH_2
[19:25:01] Fixed 2 duplicate /gene - glmS_1 glmS_2
[19:25:01] Fixed 2 duplicate /gene - azoR_1 azoR_2
[19:25:01] Fixed 3 duplicate /gene - fixX_1 fixX_2 fixX_3
[19:25:01] Fixed 3 duplicate /gene - sfmD_1 sfmD_2 sfmD_3
[19:25:01] Fixed 2 duplicate /gene - fliR_1 fliR_2
[19:25:01] Fixed 2 duplicate /gene - yehB_1 yehB_2
[19:25:01] Fixed 3 duplicate /gene - pal_1 pal_2 pal_3
[19:25:01] Fixed 2 duplicate /gene - yicJ_1 yicJ_2
[19:25:01] Fixed 2 duplicate /gene - rutB_1 rutB_2
[19:25:01] Fixed 2 duplicate /gene - topA_1 topA_2
[19:25:01] Fixed 2 duplicate /gene - flgH_1 flgH_2
[19:25:01] Fixed 3 duplicate /gene - ndhB_1 ndhB_2 ndhB_3
[19:25:01] Fixed 2 duplicate /gene - ydgA_1 ydgA_2
[19:25:01] Fixed 2 duplicate /gene - ompD_1 ompD_2
[19:25:01] Fixed 2 duplicate /gene - rcsB_1 rcsB_2
[19:25:01] Fixed 2 duplicate /gene - ulaE_1 ulaE_2
[19:25:01] Fixed 2 duplicate /gene - dgoT_1 dgoT_2
[19:25:01] Fixed 2 duplicate /gene - yibH_1 yibH_2
[19:25:01] Fixed 3 duplicate /gene - xerC_1 xerC_2 xerC_3
[19:25:01] Fixed 2 duplicate /gene - fdhF_1 fdhF_2
[19:25:01] Fixed 3 duplicate /gene - ldrD_1 ldrD_2 ldrD_3
[19:25:01] Fixed 2 duplicate /gene - kdsD_1 kdsD_2
[19:25:01] Fixed 2 duplicate /gene - bioD1_1 bioD1_2
[19:25:01] Fixed 2 duplicate /gene - rob_1 rob_2
[19:25:01] Fixed 2 duplicate /gene - flgB_1 flgB_2
[19:25:01] Fixed 2 duplicate /gene - smg_1 smg_2
[19:25:01] Fixed 2 duplicate /gene - dcuD_1 dcuD_2
[19:25:01] Fixed 2 duplicate /gene - lon_1 lon_2
[19:25:01] Fixed 2 duplicate /gene - rlhA_1 rlhA_2
[19:25:01] Fixed 2 duplicate /gene - hbp_1 hbp_2
[19:25:01] Fixed 2 duplicate /gene - rep_1 rep_2
[19:25:01] Fixed 2 duplicate /gene - malT_1 malT_2
[19:25:01] Fixed 2 duplicate /gene - gatC_1 gatC_2
[19:25:01] Fixed 2 duplicate /gene - fimH_1 fimH_2
[19:25:01] Fixed 2 duplicate /gene - flgE_1 flgE_2
[19:25:01] Fixed 4 duplicate /gene - fimA_1 fimA_2 fimA_3 fimA_4
[19:25:01] Fixed 2 duplicate /gene - argE_1 argE_2
[19:25:01] Fixed 3 duplicate /gene - kbaY_1 kbaY_2 kbaY_3
[19:25:01] Fixed 2 duplicate /gene - levE_1 levE_2
[19:25:01] Fixed 2 duplicate /gene - deoB_1 deoB_2
[19:25:01] Fixed 2 duplicate /gene - rspR_1 rspR_2
[19:25:01] Fixed 2 duplicate /gene - ompX_1 ompX_2
[19:25:01] Fixed 2 duplicate /gene - por_1 por_2
[19:25:01] Fixed 2 duplicate /gene - pduA_1 pduA_2
[19:25:01] Fixed 2 duplicate /gene - pduV_1 pduV_2
[19:25:01] Fixed 2 duplicate /gene - melR_1 melR_2
[19:25:01] Fixed 2 duplicate /gene - dbpA_1 dbpA_2
[19:25:01] Fixed 2 duplicate /gene - mtlK_1 mtlK_2
[19:25:01] Fixed 2 duplicate /gene - oxyR_1 oxyR_2
[19:25:01] Fixed 2 duplicate /gene - recF_1 recF_2
[19:25:01] Fixed 2 duplicate /gene - fdoG_1 fdoG_2
[19:25:01] Fixed 2 duplicate /gene - btuB_1 btuB_2
[19:25:01] Fixed 2 duplicate /gene - betI_1 betI_2
[19:25:01] Fixed 2 duplicate /gene - mtlA_1 mtlA_2
[19:25:01] Fixed 2 duplicate /gene - fliD_1 fliD_2
[19:25:01] Fixed 2 duplicate /gene - proA_1 proA_2
[19:25:01] Fixed 2 duplicate /gene - osmY_1 osmY_2
[19:25:01] Fixed 2 duplicate /gene - prmA_1 prmA_2
[19:25:01] Fixed 3 duplicate /gene - norR_1 norR_2 norR_3
[19:25:01] Fixed 2 duplicate /gene - fliI_1 fliI_2
[19:25:01] Fixed 3 duplicate /gene - rhlE_1 rhlE_2 rhlE_3
[19:25:01] Fixed 2 duplicate /gene - lgoD_1 lgoD_2
[19:25:01] Fixed 2 duplicate /gene - rbsR_1 rbsR_2
[19:25:01] Fixed 2 duplicate /gene - rplC_1 rplC_2
[19:25:01] Fixed 2 duplicate /gene - dppB_1 dppB_2
[19:25:01] Fixed 2 duplicate /gene - slt_1 slt_2
[19:25:01] Fixed 2 duplicate /gene - manP_1 manP_2
[19:25:01] Fixed 2 duplicate /gene - ygiW_1 ygiW_2
[19:25:01] Fixed 2 duplicate /gene - hprS_1 hprS_2
[19:25:01] Fixed 4 duplicate /gene - mshA_1 mshA_2 mshA_3 mshA_4
[19:25:01] Fixed 2 duplicate /gene - glnA_1 glnA_2
[19:25:01] Fixed 2 duplicate /gene - betA_1 betA_2
[19:25:01] Fixed 2 duplicate /gene - rbsB_1 rbsB_2
[19:25:01] Fixed 2 duplicate /gene - caiB_1 caiB_2
[19:25:01] Fixed 3 duplicate /gene - mngR_1 mngR_2 mngR_3
[19:25:01] Fixed 6 duplicate /gene - dmlR_1 dmlR_2 dmlR_3 dmlR_4 dmlR_5 dmlR_6
[19:25:01] Fixed 2 duplicate /gene - ttdT_1 ttdT_2
[19:25:01] Fixed 2 duplicate /gene - yhjV_1 yhjV_2
[19:25:01] Fixed 2 duplicate /gene - ygdR_1 ygdR_2
[19:25:01] Fixed 2 duplicate /gene - mlc_1 mlc_2
[19:25:01] Fixed 2 duplicate /gene - gadX_1 gadX_2
[19:25:01] Fixed 2 duplicate /gene - malP_1 malP_2
[19:25:01] Fixed 2 duplicate /gene - ecfA1_1 ecfA1_2
[19:25:01] Fixed 2 duplicate /gene - ccmF_1 ccmF_2
[19:25:01] Fixed 3 duplicate /gene - fixA_1 fixA_2 fixA_3
[19:25:01] Fixed 2 duplicate /gene - ftsA_1 ftsA_2
[19:25:01] Fixed 2 duplicate /gene - nadC_1 nadC_2
[19:25:01] Fixed 2 duplicate /gene - fumA_1 fumA_2
[19:25:01] Fixed 2 duplicate /gene - dctA_1 dctA_2
[19:25:01] Fixed 2 duplicate /gene - mak_1 mak_2
[19:25:01] Fixed 2 duplicate /gene - btuR_1 btuR_2
[19:25:01] Fixed 2 duplicate /gene - rsxC_1 rsxC_2
[19:25:01] Fixed 2 duplicate /gene - gnsA_1 gnsA_2
[19:25:01] Fixed 2 duplicate /gene - dgoK1_1 dgoK1_2
[19:25:01] Fixed 2 duplicate /gene - fimD_1 fimD_2
[19:25:01] Fixed 2 duplicate /gene - flgF_1 flgF_2
[19:25:01] Fixed 2 duplicate /gene - yehD_1 yehD_2
[19:25:01] Fixed 2 duplicate /gene - metN_1 metN_2
[19:25:01] Fixed 2 duplicate /gene - fliN_1 fliN_2
[19:25:01] Fixed 2 duplicate /gene - fes_1 fes_2
[19:25:01] Fixed 2 duplicate /gene - xylG_1 xylG_2
[19:25:01] Fixed 2 duplicate /gene - cynS_1 cynS_2
[19:25:01] Fixed 2 duplicate /gene - prs_1 prs_2
[19:25:01] Fixed 2 duplicate /gene - clpX_1 clpX_2
[19:25:01] Fixed 2 duplicate /gene - artM_1 artM_2
[19:25:01] Fixed 2 duplicate /gene - umuD_1 umuD_2
[19:25:01] Fixed 2 duplicate /gene - nrdB_1 nrdB_2
[19:25:01] Fixed 2 duplicate /gene - tam_1 tam_2
[19:25:01] Fixed 2 duplicate /gene - repB_1 repB_2
[19:25:01] Fixed 2 duplicate /gene - lutA_1 lutA_2
[19:25:01] Fixed 2 duplicate /gene - malS_1 malS_2
[19:25:01] Fixed 2 duplicate /gene - ndhI_1 ndhI_2
[19:25:01] Fixed 5 duplicate /gene - rhaS_1 rhaS_2 rhaS_3 rhaS_4 rhaS_5
[19:25:01] Fixed 2 duplicate /gene - recA_1 recA_2
[19:25:01] Fixed 2 duplicate /gene - lptG_1 lptG_2
[19:25:01] Fixed 2 duplicate /gene - msbA_1 msbA_2
[19:25:01] Fixed 2 duplicate /gene - mipA_1 mipA_2
[19:25:01] Fixed 2 duplicate /gene - nrdA_1 nrdA_2
[19:25:01] Fixed 2 duplicate /gene - hdfR_1 hdfR_2
[19:25:01] Fixed 2 duplicate /gene - nhaA_1 nhaA_2
[19:25:01] Fixed 2 duplicate /gene - fimF_1 fimF_2
[19:25:01] Fixed 2 duplicate /gene - ssb_1 ssb_2
[19:25:01] Fixed 2 duplicate /gene - ygcS_1 ygcS_2
[19:25:01] Fixed 2 duplicate /gene - speA_1 speA_2
[19:25:01] Fixed 2 duplicate /gene - lolD_1 lolD_2
[19:25:01] Fixed 2 duplicate /gene - flgI_1 flgI_2
[19:25:01] Fixed 2 duplicate /gene - cusC_1 cusC_2
[19:25:01] Fixed 2 duplicate /gene - rspA_1 rspA_2
[19:25:01] Fixed 2 duplicate /gene - ydfO_1 ydfO_2
[19:25:01] Fixed 2 duplicate /gene - dmsC_1 dmsC_2
[19:25:01] Fixed 2 duplicate /gene - msrP_1 msrP_2
[19:25:01] Fixed 2 duplicate /gene - chuR_1 chuR_2
[19:25:01] Fixed 2 duplicate /gene - aspT_1 aspT_2
[19:25:01] Fixed 3 duplicate /gene - nanR_1 nanR_2 nanR_3
[19:25:01] Fixed 2 duplicate /gene - cntO_1 cntO_2
[19:25:01] Fixed 4 duplicate /gene - btuD_1 btuD_2 btuD_3 btuD_4
[19:25:01] Fixed 3 duplicate /gene - agaC_1 agaC_2 agaC_3
[19:25:01] Fixed 2 duplicate /gene - fixB_1 fixB_2
[19:25:01] Fixed 2 duplicate /gene - flgL_1 flgL_2
[19:25:01] Fixed 2 duplicate /gene - hexR_1 hexR_2
[19:25:01] Fixed 2 duplicate /gene - pdhR_1 pdhR_2
[19:25:01] Fixed 3 duplicate /gene - focC_1 focC_2 focC_3
[19:25:01] Fixed 3 duplicate /gene - symE_1 symE_2 symE_3
[19:25:01] Fixed 3 duplicate /gene - rbsA_1 rbsA_2 rbsA_3
[19:25:01] Fixed 2 duplicate /gene - fliE_1 fliE_2
[19:25:01] Fixed 2 duplicate /gene - ccdB_1 ccdB_2
[19:25:01] Fixed 2 duplicate /gene - ydiB_1 ydiB_2
[19:25:01] Fixed 2 duplicate /gene - caiA_1 caiA_2
[19:25:01] Fixed 2 duplicate /gene - bcr_1 bcr_2
[19:25:01] Fixed 2 duplicate /gene - ytfJ_1 ytfJ_2
[19:25:01] Fixed 2 duplicate /gene - adhE_1 adhE_2
[19:25:01] Fixed 4 duplicate /gene - arnC_1 arnC_2 arnC_3 arnC_4
[19:25:01] Fixed 2 duplicate /gene - epsF_1 epsF_2
[19:25:01] Fixed 2 duplicate /gene - intA_1 intA_2
[19:25:01] Fixed 2 duplicate /gene - cra_1 cra_2
[19:25:01] Fixed 2 duplicate /gene - arcC1_1 arcC1_2
[19:25:01] Fixed 2 duplicate /gene - narL_1 narL_2
[19:25:01] Fixed 2 duplicate /gene - fryA_1 fryA_2
[19:25:01] Fixed 2 duplicate /gene - ltxB_1 ltxB_2
[19:25:01] Fixed 2 duplicate /gene - nagK_1 nagK_2
[19:25:01] Fixed 2 duplicate /gene - sapB_1 sapB_2
[19:25:01] Fixed 2 duplicate /gene - hns_1 hns_2
[19:25:01] Fixed 2 duplicate /gene - tsaR_1 tsaR_2
[19:25:01] Fixed 2 duplicate /gene - fliG_1 fliG_2
[19:25:01] Fixed 2 duplicate /gene - metG_1 metG_2
[19:25:01] Fixed 2 duplicate /gene - noc_1 noc_2
[19:25:01] Fixed 2 duplicate /gene - rlmH_1 rlmH_2
[19:25:01] Fixed 2 duplicate /gene - frwD_1 frwD_2
[19:25:01] Fixed 2 duplicate /gene - prfA_1 prfA_2
[19:25:01] Fixed 2 duplicate /gene - kduD_1 kduD_2
[19:25:01] Fixed 2 duplicate /gene - papC_1 papC_2
[19:25:01] Fixed 2 duplicate /gene - msrQ_1 msrQ_2
[19:25:01] Fixed 2 duplicate /gene - nanM_1 nanM_2
[19:25:01] Fixed 2 duplicate /gene - xdhA_1 xdhA_2
[19:25:01] Fixed 2 duplicate /gene - gntR_1 gntR_2
[19:25:01] Fixed 2 duplicate /gene - codB_1 codB_2
[19:25:01] Fixed 2 duplicate /gene - elfC_1 elfC_2
[19:25:01] Fixed 2 duplicate /gene - trkA_1 trkA_2
[19:25:01] Fixed 2 duplicate /gene - pmrD_1 pmrD_2
[19:25:01] Fixed 2 duplicate /gene - yhhT_1 yhhT_2
[19:25:01] Fixed 6 duplicate /gene - rhaR_1 rhaR_2 rhaR_3 rhaR_4 rhaR_5 rhaR_6
[19:25:01] Fixed 3 duplicate /gene - yahB_1 yahB_2 yahB_3
[19:25:01] Fixed 2 duplicate /gene - lptB_1 lptB_2
[19:25:01] Fixed 2 duplicate /gene - dmsB_1 dmsB_2
[19:25:01] Fixed 2 duplicate /gene - ftnA_1 ftnA_2
[19:25:01] Fixed 2 duplicate /gene - yihP_1 yihP_2
[19:25:01] Fixed 2 duplicate /gene - yeaD_1 yeaD_2
[19:25:01] Fixed 2 duplicate /gene - sorB_1 sorB_2
[19:25:01] Fixed 2 duplicate /gene - malX_1 malX_2
[19:25:01] Fixed 2 duplicate /gene - cspG_1 cspG_2
[19:25:01] Fixed 2 duplicate /gene - bglA_1 bglA_2
[19:25:01] Fixed 2 duplicate /gene - gcvA_1 gcvA_2
[19:25:01] Fixed 2 duplicate /gene - lapB_1 lapB_2
[19:25:01] Fixed 2 duplicate /gene - gph_1 gph_2
[19:25:01] Fixed 2 duplicate /gene - wzxE_1 wzxE_2
[19:25:01] Fixed 2 duplicate /gene - aceB_1 aceB_2
[19:25:01] Fixed 2 duplicate /gene - yrdA_1 yrdA_2
[19:25:01] Fixed 2 duplicate /gene - mglA_1 mglA_2
[19:25:01] Fixed 4 duplicate /gene - manZ_1 manZ_2 manZ_3 manZ_4
[19:25:01] Fixed 2 duplicate /gene - bglH_1 bglH_2
[19:25:01] Fixed 2 duplicate /gene - xylB_1 xylB_2
[19:25:01] Fixed 3 duplicate /gene - cynR_1 cynR_2 cynR_3
[19:25:01] Fixed 2 duplicate /gene - ydhX_1 ydhX_2
[19:25:01] Fixed 2 duplicate /gene - ompT_1 ompT_2
[19:25:01] Fixed 3 duplicate /gene - xerD_1 xerD_2 xerD_3
[19:25:01] Fixed 3 duplicate /gene - rbsC_1 rbsC_2 rbsC_3
[19:25:01] Fixed 2 duplicate /gene - clpP_1 clpP_2
[19:25:01] Fixed 2 duplicate /gene - malY_1 malY_2
[19:25:01] Fixed 2 duplicate /gene - acrR_1 acrR_2
[19:25:01] Fixed 2 duplicate /gene - ubiJ_1 ubiJ_2
[19:25:01] Fixed 2 duplicate /gene - yhaJ_1 yhaJ_2
[19:25:01] Fixed 2 duplicate /gene - bioF_1 bioF_2
[19:25:01] Fixed 2 duplicate /gene - gfcB_1 gfcB_2
[19:25:01] Fixed 3 duplicate /gene - hcaR_1 hcaR_2 hcaR_3
[19:25:01] Fixed 2 duplicate /gene - lsrK_1 lsrK_2
[19:25:01] Fixed 2 duplicate /gene - murA_1 murA_2
[19:25:01] Fixed 2 duplicate /gene - acs_1 acs_2
[19:25:01] Fixed 2 duplicate /gene - hprR_1 hprR_2
[19:25:01] Fixed 2 duplicate /gene - dnaQ_1 dnaQ_2
[19:25:01] Fixed 2 duplicate /gene - caiT_1 caiT_2
[19:25:01] Fixed 2 duplicate /gene - coaA_1 coaA_2
[19:25:01] Fixed 2 duplicate /gene - yggP_1 yggP_2
[19:25:01] Fixed 2 duplicate /gene - rpoC_1 rpoC_2
[19:25:01] Fixed 2 duplicate /gene - yvgN_1 yvgN_2
[19:25:01] Fixed 2 duplicate /gene - ydjF_1 ydjF_2
[19:25:01] Fixed 2 duplicate /gene - gatY_1 gatY_2
[19:25:01] Fixed 2 duplicate /gene - fryB_1 fryB_2
[19:25:01] Fixed 4 duplicate /gene - bhsA_1 bhsA_2 bhsA_3 bhsA_4
[19:25:01] Fixed 2 duplicate /gene - yiaW_1 yiaW_2
[19:25:01] Fixed 2 duplicate /gene - dnaE_1 dnaE_2
[19:25:01] Fixed 2 duplicate /gene - decR_1 decR_2
[19:25:01] Fixed 2 duplicate /gene - hilA_1 hilA_2
[19:25:01] Fixed 2 duplicate /gene - fdnG_1 fdnG_2
[19:25:01] Fixed 2 duplicate /gene - mepS_1 mepS_2
[19:25:01] Fixed 2 duplicate /gene - manC1_1 manC1_2
[19:25:01] Fixed 2 duplicate /gene - mukB_1 mukB_2
[19:25:01] Fixed 2 duplicate /gene - faeE_1 faeE_2
[19:25:01] Fixed 2 duplicate /gene - ydjE_1 ydjE_2
[19:25:01] Fixed 2 duplicate /gene - arcC2_1 arcC2_2
[19:25:01] Fixed 2 duplicate /gene - gntK_1 gntK_2
[19:25:01] Fixed 2 duplicate /gene - murD_1 murD_2
[19:25:01] Fixed 2 duplicate /gene - macB_1 macB_2
[19:25:01] Fixed 2 duplicate /gene - algC_1 algC_2
[19:25:01] Fixed 2 duplicate /gene - fbaA_1 fbaA_2
[19:25:01] Fixed 2 duplicate /gene - sbmC_1 sbmC_2
[19:25:01] Fixed 2 duplicate /gene - grxA_1 grxA_2
[19:25:01] Fixed 2 duplicate /gene - acrB_1 acrB_2
[19:25:01] Fixed 2 duplicate /gene - ydjZ_1 ydjZ_2
[19:25:01] Fixed 2 duplicate /gene - hflC_1 hflC_2
[19:25:01] Fixed 2 duplicate /gene - ychN_1 ychN_2
[19:25:01] Fixed 2 duplicate /gene - rsmE_1 rsmE_2
[19:25:01] Fixed 2 duplicate /gene - mdh_1 mdh_2
[19:25:01] Fixed 2 duplicate /gene - chbC_1 chbC_2
[19:25:01] Fixed 2 duplicate /gene - flgC_1 flgC_2
[19:25:01] Fixed 3 duplicate /gene - fdrA_1 fdrA_2 fdrA_3
[19:25:01] Fixed 2 duplicate /gene - dgoA_1 dgoA_2
[19:25:01] Fixed 2 duplicate /gene - manX_1 manX_2
[19:25:01] Fixed 2 duplicate /gene - gatB_1 gatB_2
[19:25:01] Fixed 2 duplicate /gene - aaeB_1 aaeB_2
[19:25:01] Fixed 2 duplicate /gene - dadA_1 dadA_2
[19:25:01] Fixed 2 duplicate /gene - flgG_1 flgG_2
[19:25:01] Fixed 2 duplicate /gene - xylF_1 xylF_2
[19:25:01] Fixed 2 duplicate /gene - flhB_1 flhB_2
[19:25:01] Fixed 2 duplicate /gene - ssuC_1 ssuC_2
[19:25:01] Fixed 3 duplicate /gene - ydcV_1 ydcV_2 ydcV_3
[19:25:01] Fixed 2 duplicate /gene - ttgI_1 ttgI_2
[19:25:01] Fixed 2 duplicate /gene - rnhA_1 rnhA_2
[19:25:01] Fixed 2 duplicate /gene - ampC_1 ampC_2
[19:25:01] Fixed 2 duplicate /gene - rutC_1 rutC_2
[19:25:01] Fixed 2 duplicate /gene - flhA_1 flhA_2
[19:25:01] Fixed 2 duplicate /gene - yehC_1 yehC_2
[19:25:01] Fixed 2 duplicate /gene - rhtC_1 rhtC_2
[19:25:01] Fixed 2 duplicate /gene - glpG_1 glpG_2
[19:25:01] Fixed 2 duplicate /gene - fliP_1 fliP_2
[19:25:01] Fixed 2 duplicate /gene - apbC_1 apbC_2
[19:25:01] Fixed 2 duplicate /gene - pitA_1 pitA_2
[19:25:01] Fixed 2 duplicate /gene - etk_1 etk_2
[19:25:01] Fixed 3 duplicate /gene - potA_1 potA_2 potA_3
[19:25:01] Fixed 2 duplicate /gene - ydfK_1 ydfK_2
[19:25:01] Fixed 4 duplicate /gene - fruA_1 fruA_2 fruA_3 fruA_4
[19:25:01] Fixed 2 duplicate /gene - fimG_1 fimG_2
[19:25:01] Fixed 2 duplicate /gene - acpP_1 acpP_2
[19:25:01] Fixed 2 duplicate /gene - hycG_1 hycG_2
[19:25:01] Fixed 2 duplicate /gene - ydhW_1 ydhW_2
[19:25:01] Fixed 2 duplicate /gene - aaeA_1 aaeA_2
[19:25:01] Fixed 2 duplicate /gene - dnaK_1 dnaK_2
[19:25:01] Fixed 2 duplicate /gene - cutC_1 cutC_2
[19:25:01] Fixed 2 duplicate /gene - rapA_1 rapA_2
[19:25:01] Fixed 2 duplicate /gene - murR_1 murR_2
[19:25:01] Fixed 2 duplicate /gene - trmH_1 trmH_2
[19:25:01] Fixed 2 duplicate /gene - macA_1 macA_2
[19:25:01] Fixed 2 duplicate /gene - kefC_1 kefC_2
[19:25:01] Fixed 3 duplicate /gene - dctM_1 dctM_2 dctM_3
[19:25:01] Fixed 2 duplicate /gene - lldR_1 lldR_2
[19:25:01] Fixed 2 duplicate /gene - fliS_1 fliS_2
[19:25:01] Fixed 2 duplicate /gene - ybdO_1 ybdO_2
[19:25:01] Fixed 2 duplicate /gene - fhuA_1 fhuA_2
[19:25:01] Fixed 2 duplicate /gene - srmB_1 srmB_2
[19:25:01] Fixed 2 duplicate /gene - pgrR_1 pgrR_2
[19:25:01] Fixed 2 duplicate /gene - pspB_1 pspB_2
[19:25:01] Fixed 2 duplicate /gene - hiuH_1 hiuH_2
[19:25:01] Fixed 2 duplicate /gene - malK_1 malK_2
[19:25:01] Fixed 2 duplicate /gene - psuK_1 psuK_2
[19:25:01] Fixed 2 duplicate /gene - leuC_1 leuC_2
[19:25:01] Fixed 2 duplicate /gene - feoC_1 feoC_2
[19:25:01] Fixed 2 duplicate /gene - astD_1 astD_2
[19:25:01] Fixed 324 colliding /gene names.
[19:25:01] Adding /locus_tag identifiers
[19:25:01] Assigned 4864 locus_tags to CDS and RNA features.
[19:25:01] Writing outputs to prokka_04S62/
[19:25:03] Generating annotation statistics file
[19:25:03] Generating Genbank and Sequin files
[19:25:03] Running: tbl2asn -V b -a r10k -l paired-ends -M n -N 1 -y 'Annotated using prokka 1.14.6 from https://github.com/tseemann/prokka' -Z prokka_04S62\/PROKKA_05042025\.err -i prokka_04S62\/PROKKA_05042025\.fsa 2> /dev/null
[19:25:38] Deleting unwanted file: prokka_04S62/errorsummary.val
[19:25:38] Deleting unwanted file: prokka_04S62/PROKKA_05042025.dr
[19:25:38] Deleting unwanted file: prokka_04S62/PROKKA_05042025.fixedproducts
[19:25:38] Deleting unwanted file: prokka_04S62/PROKKA_05042025.ecn
[19:25:38] Deleting unwanted file: prokka_04S62/PROKKA_05042025.val
[19:25:38] Repairing broken .GBK output that tbl2asn produces...
[19:25:38] Running: sed 's/COORDINATES: profile/COORDINATES:profile/' < prokka_04S62\/PROKKA_05042025\.gbf > prokka_04S62\/PROKKA_05042025\.gbk
[19:25:38] Deleting unwanted file: prokka_04S62/PROKKA_05042025.gbf
[19:25:38] Output files:
[19:25:38] prokka_04S62/PROKKA_05042025.log
[19:25:38] prokka_04S62/PROKKA_05042025.fna
[19:25:38] prokka_04S62/PROKKA_05042025.gff
[19:25:38] prokka_04S62/PROKKA_05042025.faa
[19:25:38] prokka_04S62/PROKKA_05042025.ffn
[19:25:38] prokka_04S62/PROKKA_05042025.tbl
[19:25:38] prokka_04S62/PROKKA_05042025.fsa
[19:25:38] prokka_04S62/PROKKA_05042025.tsv
[19:25:38] prokka_04S62/PROKKA_05042025.txt
[19:25:38] prokka_04S62/PROKKA_05042025.err
[19:25:38] prokka_04S62/PROKKA_05042025.sqn
[19:25:38] prokka_04S62/PROKKA_05042025.gbk
[19:25:38] Annotation finished successfully.
[19:25:38] Walltime used: 1.35 minutes
[19:25:38] If you use this result please cite the Prokka paper:
[19:25:38] Seemann T (2014) Prokka: rapid prokaryotic genome annotation. Bioinformatics. 30(14):2068-9.
[19:25:38] Type 'prokka --citation' for more details.
[19:25:38] Share and enjoy!
