[19:14:20] This is prokka 1.14.6
[19:14:20] Written by Torsten Seemann <torsten.seemann@gmail.com>
[19:14:20] Homepage is https://github.com/tseemann/prokka
[19:14:20] Local time is Sun May  4 19:14:20 2025
[19:14:20] You are sc1830
[19:14:20] Operating system is linux
[19:14:20] You have BioPerl 1.7.8
[19:14:20] System has 256 cores.
[19:14:20] Will use maximum of 24 cores.
[19:14:20] Annotating as >>> Bacteria <<<
[19:14:20] Generating locus_tag from 'contigs.fasta' contents.
[19:14:20] Setting --locustag MBBINGLK from MD5 6bb27054bb640c5f32f51d31cf7f70ef
[19:14:20] Re-using existing --outdir prokka_03S58
[19:14:20] Using filename prefix: PROKKA_05042025.XXX
[19:14:20] Setting HMMER_NCPU=1
[19:14:20] Writing log to: prokka_03S58/PROKKA_05042025.log
[19:14:20] Command: /home/users/sc1830/.conda/envs/prokka-clean/bin/prokka contigs.fasta --outdir prokka_03S58 --cpus 24 --mincontiglen 200 --force
[19:14:20] Appending to PATH: /home/users/sc1830/.conda/envs/prokka-clean/bin
[19:14:20] Looking for 'aragorn' - found /home/users/sc1830/.conda/envs/prokka-clean/bin/aragorn
[19:14:20] Determined aragorn version is 001002 from 'ARAGORN v1.2.41 Dean Laslett'
[19:14:20] Looking for 'barrnap' - found /home/users/sc1830/.conda/envs/prokka-clean/bin/barrnap
[19:14:20] Determined barrnap version is 000009 from 'barrnap 0.9'
[19:14:20] Looking for 'blastp' - found /home/users/sc1830/.conda/envs/prokka-clean/bin/blastp
[19:14:20] Determined blastp version is 002012 from 'blastp: 2.12.0+'
[19:14:20] Looking for 'cmpress' - found /home/users/sc1830/.conda/envs/prokka-clean/bin/cmpress
[19:14:20] Determined cmpress version is 001001 from '# INFERNAL 1.1.5 (Sep 2023)'
[19:14:20] Looking for 'cmscan' - found /home/users/sc1830/.conda/envs/prokka-clean/bin/cmscan
[19:14:20] Determined cmscan version is 001001 from '# INFERNAL 1.1.5 (Sep 2023)'
[19:14:20] Looking for 'egrep' - found /usr/bin/egrep
[19:14:20] Looking for 'find' - found /usr/bin/find
[19:14:20] Looking for 'grep' - found /usr/bin/grep
[19:14:20] Looking for 'hmmpress' - found /home/users/sc1830/.conda/envs/prokka-clean/bin/hmmpress
[19:14:20] Determined hmmpress version is 003004 from '# HMMER 3.4 (Aug 2023); http://hmmer.org/'
[19:14:20] Looking for 'hmmscan' - found /home/users/sc1830/.conda/envs/prokka-clean/bin/hmmscan
[19:14:20] Determined hmmscan version is 003004 from '# HMMER 3.4 (Aug 2023); http://hmmer.org/'
[19:14:20] Looking for 'java' - found /home/users/sc1830/.conda/envs/prokka-clean/bin/java
[19:14:20] Looking for 'makeblastdb' - found /home/users/sc1830/.conda/envs/prokka-clean/bin/makeblastdb
[19:14:20] Determined makeblastdb version is 002012 from 'makeblastdb: 2.12.0+'
[19:14:20] Looking for 'minced' - found /home/users/sc1830/.conda/envs/prokka-clean/bin/minced
[19:14:21] Determined minced version is 004002 from 'minced 0.4.2'
[19:14:21] Looking for 'parallel' - found /home/users/sc1830/.conda/envs/prokka-clean/bin/parallel
[19:14:21] Determined parallel version is 20250422 from 'GNU parallel 20250422'
[19:14:21] Looking for 'prodigal' - found /home/users/sc1830/.conda/envs/prokka-clean/bin/prodigal
[19:14:21] Determined prodigal version is 002006 from 'Prodigal V2.6.3: February, 2016'
[19:14:21] Looking for 'prokka-genbank_to_fasta_db' - found /home/users/sc1830/.conda/envs/prokka-clean/bin/prokka-genbank_to_fasta_db
[19:14:21] Looking for 'sed' - found /usr/bin/sed
[19:14:21] Looking for 'tbl2asn' - found /home/users/sc1830/.conda/envs/prokka-clean/bin/tbl2asn
[19:14:21] Determined tbl2asn version is 025007 from 'tbl2asn 25.7   arguments:'
[19:14:21] Using genetic code table 11.
[19:14:21] Loading and checking input file: contigs.fasta
[19:14:21] Skipping short (<200 bp) contig: NODE_1607_length_195_cov_68.058824
[19:14:21] Skipping short (<200 bp) contig: NODE_1608_length_141_cov_358.642857
[19:14:21] Skipping short (<200 bp) contig: NODE_1609_length_135_cov_12.750000
[19:14:21] Skipping short (<200 bp) contig: NODE_1610_length_130_cov_1422.666667
[19:14:21] Skipping short (<200 bp) contig: NODE_1611_length_128_cov_152491.000000
[19:14:21] Skipping short (<200 bp) contig: NODE_1612_length_128_cov_2295.000000
[19:14:21] Wrote 1606 contigs totalling 5749443 bp.
[19:14:21] Predicting tRNAs and tmRNAs
[19:14:21] Running: aragorn -l -gc11  -w prokka_03S58\/PROKKA_05042025\.fna
[19:14:22] 1 tmRNA [24539,24901] 90,125 ANDENYALAA**
[19:14:22] 2 tRNA-Arg c[101442,101518] 35 (acg)
[19:14:22] 3 tRNA-Arg c[101582,101658] 35 (acg)
[19:14:22] 4 tRNA-Arg c[101723,101799] 35 (acg)
[19:14:22] 5 tRNA-Ser c[101803,101895] 35 (gct)
[19:14:22] 6 tRNA-Met [225993,226069] 35 (cat)
[19:14:22] 7 tRNA-Met [226103,226179] 35 (cat)
[19:14:22] 8 tRNA-Met [226213,226289] 35 (cat)
[19:14:22] 9 tRNA-Gly c[302007,302080] 33 (ccc)
[19:14:22] 10 tRNA-Phe [412097,412171] 35 (gaa)
[19:14:22] 11 tRNA-Met [567634,567709] 34 (cat)
[19:14:22] 12 tRNA-Met c[662273,662349] 35 (cat)
[19:14:22] 13 tRNA-Leu c[666127,666213] 35 (gag)
[19:14:22] 14 tRNA-Thr c[765608,765683] 34 (ggt)
[19:14:22] 1 tRNA-Lys c[189426,189501] 34 (ttt)
[19:14:22] 2 tRNA-Val c[189506,189581] 34 (tac)
[19:14:22] 3 tRNA-Val c[189628,189703] 34 (tac)
[19:14:22] 4 tRNA-Val c[189748,189823] 34 (tac)
[19:14:22] 5 tRNA-Ala [192522,192597] 34 (ggc)
[19:14:22] 6 tRNA-Ala [192637,192712] 34 (ggc)
[19:14:22] 7 tRNA-Arg c[232812,232886] 34 (cct)
[19:14:22] 8 tRNA-Pro c[403848,403924] 35 (ggg)
[19:14:22] 1 tRNA-Asn c[84457,84532] 34 (gtt)
[19:14:22] 2 tRNA-Asn [86281,86356] 34 (gtt)
[19:14:22] 3 tRNA-Asn [88690,88765] 34 (gtt)
[19:14:22] 4 tRNA-Asn c[128579,128654] 34 (gtt)
[19:14:22] 5 tRNA-Ser [129646,129735] 35 (cga)
[19:14:22] 6 tRNA-Gly [205036,205111] 34 (gcc)
[19:14:22] 7 tRNA-Cys [205166,205239] 33 (gca)
[19:14:22] 8 tRNA-Leu [205252,205338] 35 (taa)
[19:14:22] 9 tRNA-Val c[438550,438626] 35 (gac)
[19:14:22] 10 tRNA-Val c[438631,438707] 35 (gac)
[19:14:22] 1 tRNA-Leu [262651,262737] 35 (cag)
[19:14:22] 2 tRNA-Leu [262766,262852] 35 (cag)
[19:14:22] 3 tRNA-Leu [262886,262972] 35 (cag)
[19:14:22] 4 tRNA-Leu c[403605,403689] 35 (caa)
[19:14:22] 5 tRNA-Gly c[516555,516630] 34 (gcc)
[19:14:22] 6 tRNA-Gly c[516666,516741] 34 (gcc)
[19:14:22] 7 tRNA-Gly c[516778,516853] 34 (gcc)
[19:14:22] 8 tRNA-Phe [546287,546362] 34 (gaa)
[19:14:22] 1 tRNA-Lys c[52,127] 34 (ttt)
[19:14:22] 2 tRNA-Val c[131,206] 34 (tac)
[19:14:22] 3 tRNA-Lys c[258,333] 34 (ttt)
[19:14:22] 4 tRNA-Val c[336,411] 34 (tac)
[19:14:22] 5 tRNA-Lys c[447,522] 34 (ttt)
[19:14:22] 6 tRNA-Met [72884,72960] 35 (cat)
[19:14:22] 7 tRNA-Leu [72971,73055] 35 (tag)
[19:14:22] 8 tRNA-Gln [73079,73153] 33 (ttg)
[19:14:22] 9 tRNA-Met [73169,73245] 35 (cat)
[19:14:22] 10 tRNA-Gln [73294,73368] 33 (ctg)
[19:14:22] 11 tRNA-Gln [73406,73480] 33 (ctg)
[19:14:22] 12 tRNA-Arg c[175590,175666] 35 (tct)
[19:14:22] 13 tRNA-Ser c[369334,369414] 38 (gga)
[19:14:22] 14 tRNA-Thr c[438933,439008] 34 (cgt)
[19:14:22] 1 tRNA-Ser [120191,120278] 35 (gga)
[19:14:22] 2 tRNA-Ser [172197,172284] 35 (tga)
[19:14:22] 3 tRNA-Ser [268174,268261] 35 (gga)
[19:14:22] 4 tRNA-Lys c[418955,419030] 34 (ttt)
[19:14:22] 5 tRNA-Lys c[419064,419139] 34 (ttt)
[19:14:22] 6 tRNA-Lys c[419188,419263] 34 (ttt)
[19:14:22] 1 tRNA-Pro c[37707,37783] 35 (cgg)
[19:14:22] 2 tRNA-SeC [181643,181737] 35 (tca)
[19:14:22] 1 tRNA-Arg c[5235,5311] 35 (tct)
[19:14:22] 2 tRNA-Arg c[5325,5401] 35 (tcg)
[19:14:22] 3 tRNA-Met c[5409,5484] 34 (cat)
[19:14:22] 4 tRNA-Tyr [47576,47660] 35 (gta)
[19:14:22] 5 tRNA-Tyr [47694,47778] 35 (gta)
[19:14:22] 1 tRNA-Asp [169,245] 35 (gtc)
[19:14:22] 2 tRNA-Trp [254,329] 34 (cca)
[19:14:22] 3 tRNA-Arg [34798,34874] 35 (ccg)
[19:14:22] 4 tRNA-His [34933,35008] 34 (gtg)
[19:14:22] 5 tRNA-Leu [35029,35115] 35 (cag)
[19:14:22] 6 tRNA-Pro [35158,35234] 35 (tgg)
[19:14:22] 1 tRNA-Thr [3547,3622] 34 (tgt)
[19:14:22] 2 tRNA-Tyr [3631,3715] 35 (gta)
[19:14:22] 3 tRNA-Gly [3832,3906] 34 (tcc)
[19:14:22] 4 tRNA-Thr [3913,3988] 34 (ggt)
[19:14:22] 1 tRNA-Asp c[22703,22779] 35 (gtc)
[19:14:22] 2 tRNA-Asp c[30926,31002] 35 (gtc)
[19:14:22] 1 tRNA-Thr [363,460] 38 (cgt)
[19:14:22] 1 tRNA-Arg c[23,99] 35 (tct)
[19:14:22] 1 tRNA-Glu c[294,369] 35 (ttc)
[19:14:22] 1 tRNA-Ile [182,258] 35 (gat)
[19:14:22] 2 tRNA-Ala [301,376] 34 (tgc)
[19:14:22] 1 tRNA-Leu c[57,142] 35 (gag)
[19:14:22] 1 tRNA-Thr c[38,113] 34 (tgt)
[19:14:23] 1 tRNA-SeC [147,242] 35 (tca)
[19:14:23] 1 tRNA-Arg [24,97] 34 (ccg)
[19:14:23] 1 tRNA-Met [184,260] 35 (cat)
[19:14:23] 1 tRNA-Leu c[112,198] 35 (cag)
[19:14:23] 2 tRNA-Leu c[235,318] 35 (cag)
[19:14:23] Found 91 tRNAs
[19:14:23] Predicting Ribosomal RNAs
[19:14:23] Running Barrnap with 24 threads
[19:14:23] 1 NODE_12_length_129322_cov_124.547374 5 5S ribosomal RNA
[19:14:23] 2 NODE_13_length_113291_cov_125.681162 2 5S ribosomal RNA
[19:14:23] 3 NODE_1_length_766028_cov_118.752115 765456 5S ribosomal RNA
[19:14:23] 4 NODE_1_length_766028_cov_118.752115 765701 5S ribosomal RNA
[19:14:23] 5 NODE_2_length_641155_cov_110.380681 217 5S ribosomal RNA
[19:14:23] 6 NODE_35_length_2943_cov_821.941051 30 23S ribosomal RNA
[19:14:23] 7 NODE_40_length_1466_cov_863.841673 8 16S ribosomal RNA
[19:14:23] 8 NODE_782_length_436_cov_1.203883 1 16S ribosomal RNA (partial)
[19:14:23] 9 NODE_9_length_229951_cov_119.409305 229836 5S ribosomal RNA
[19:14:23] Found 9 rRNAs
[19:14:23] Skipping ncRNA search, enable with --rfam if desired.
[19:14:23] Total of 99 tRNA + rRNA features
[19:14:23] Searching for CRISPR repeats
[19:14:24] CRISPR1 NODE_6_length_419314_cov_114.387877 267443 with 7 spacers
[19:14:24] CRISPR2 NODE_6_length_419314_cov_114.387877 276892 with 9 spacers
[19:14:24] CRISPR3 NODE_431_length_479_cov_0.778409 7 with 4 spacers
[19:14:24] Found 3 CRISPRs
[19:14:24] Predicting coding sequences
[19:14:24] Contigs total 5749443 bp, so using single mode
[19:14:24] Running: prodigal -i prokka_03S58\/PROKKA_05042025\.fna -c -m -g 11 -p single -f sco -q
[19:14:28] Excluding CDS which overlaps existing RNA (tRNA) at NODE_1_length_766028_cov_118.752115:765531..765938 on + strand
[19:14:29] Excluding CDS which overlaps existing RNA (tRNA) at NODE_5_length_468533_cov_112.715830:369099..369344 on - strand
[19:14:29] Excluding CDS which overlaps existing RNA (tRNA) at NODE_7_length_282505_cov_120.181537:37315..37797 on - strand
[19:14:30] Excluding CDS which overlaps existing RNA (rRNA) at NODE_40_length_1466_cov_863.841673:1098..1352 on + strand
[19:14:30] Excluding CDS which overlaps existing RNA (tRNA) at NODE_161_length_626_cov_1.376754:102..386 on - strand
[19:14:30] Excluding CDS which overlaps existing RNA (tRNA) at NODE_161_length_626_cov_1.376754:383..604 on - strand
[19:14:30] Found 5206 CDS
[19:14:30] Connecting features back to sequences
[19:14:30] Not using genus-specific database. Try --usegenus to enable it.
[19:14:30] Annotating CDS, please be patient.
[19:14:30] Will use 24 CPUs for similarity searching.
[19:14:31] There are still 5206 unannotated CDS left (started with 5206)
[19:14:31] Will use blast to search against /home/users/sc1830/.conda/envs/prokka-clean/db/kingdom/Bacteria/IS with 24 CPUs
[19:14:31] Running: cat prokka_03S58\/PROKKA_05042025\.IS\.tmp\.913451\.faa | parallel --gnu --plain -j 24 --block 32396 --recstart '>' --pipe blastp -query - -db /home/users/sc1830/.conda/envs/prokka-clean/db/kingdom/Bacteria/IS -evalue 1e-30 -qcov_hsp_perc 90 -num_threads 1 -num_descriptions 1 -num_alignments 1 -seg no > prokka_03S58\/PROKKA_05042025\.IS\.tmp\.913451\.blast 2> /dev/null
[19:14:36] Deleting unwanted file: prokka_03S58/PROKKA_05042025.IS.tmp.913451.faa
[19:14:36] Deleting unwanted file: prokka_03S58/PROKKA_05042025.IS.tmp.913451.blast
[19:14:37] There are still 5161 unannotated CDS left (started with 5206)
[19:14:37] Will use blast to search against /home/users/sc1830/.conda/envs/prokka-clean/db/kingdom/Bacteria/AMR with 24 CPUs
[19:14:37] Running: cat prokka_03S58\/PROKKA_05042025\.AMR\.tmp\.913451\.faa | parallel --gnu --plain -j 24 --block 32192 --recstart '>' --pipe blastp -query - -db /home/users/sc1830/.conda/envs/prokka-clean/db/kingdom/Bacteria/AMR -evalue 1e-300 -qcov_hsp_perc 90 -num_threads 1 -num_descriptions 1 -num_alignments 1 -seg no > prokka_03S58\/PROKKA_05042025\.AMR\.tmp\.913451\.blast 2> /dev/null
[19:14:40] Deleting unwanted file: prokka_03S58/PROKKA_05042025.AMR.tmp.913451.faa
[19:14:40] Deleting unwanted file: prokka_03S58/PROKKA_05042025.AMR.tmp.913451.blast
[19:14:41] There are still 5161 unannotated CDS left (started with 5206)
[19:14:41] Will use blast to search against /home/users/sc1830/.conda/envs/prokka-clean/db/kingdom/Bacteria/sprot with 24 CPUs
[19:14:41] Running: cat prokka_03S58\/PROKKA_05042025\.sprot\.tmp\.913451\.faa | parallel --gnu --plain -j 24 --block 32192 --recstart '>' --pipe blastp -query - -db /home/users/sc1830/.conda/envs/prokka-clean/db/kingdom/Bacteria/sprot -evalue 1e-09 -qcov_hsp_perc 80 -num_threads 1 -num_descriptions 1 -num_alignments 1 -seg no > prokka_03S58\/PROKKA_05042025\.sprot\.tmp\.913451\.blast 2> /dev/null
[19:14:56] Modify product: Uncharacterized fimbrial-like protein YehA => putative fimbrial-like protein YehA
[19:14:56] Modify product: 23S rRNA 5-hydroxycytidine C2501 synthase => 23S rRNA 5-hydroxycytidine synthase
[19:14:56] Modify product: UPF0339 protein YegP => hypothetical protein
[19:14:56] Modify product: Probable diguanylate cyclase DgcE => putative diguanylate cyclase DgcE
[19:14:56] Modify product: UPF0053 inner membrane protein YoaE => hypothetical protein
[19:14:56] Modify product: Probable inner membrane protein Smp => putative inner membrane protein Smp
[19:14:56] Modify product: Uncharacterized protein YjjI => putative protein YjjI
[19:14:56] Modify product: Uncharacterized metal-dependent hydrolase YjjV => putative metal-dependent hydrolase YjjV
[19:14:56] Modify product: UPF0442 protein YjjB => hypothetical protein
[19:14:56] Modify product: Probable HTH-type transcriptional regulator LgoR => putative HTH-type transcriptional regulator LgoR
[19:14:56] Modify product: Probable L-galactonate transporter => putative L-galactonate transporter
[19:14:56] Modify product: Uncharacterized protein YjiK => putative protein YjiK
[19:14:56] Modify product: Probable RNA 2'-phosphotransferase => putative RNA 2'-phosphotransferase
[19:14:56] Modify product: Probable major fimbrial subunit LpfA => putative major fimbrial subunit LpfA
[19:14:56] Modify product: Probable N-acetylneuraminic acid outer membrane channel protein NanC => putative N-acetylneuraminic acid outer membrane channel protein NanC
[19:14:56] Modify product: Probable 9-O-acetyl-N-acetylneuraminic acid deacetylase => putative 9-O-acetyl-N-acetylneuraminic acid deacetylase
[19:14:56] Modify product: Uncharacterized protein YjhP => putative protein YjhP
[19:14:56] Modify product: Probable 2-dehydro-3-deoxy-D-pentonate aldolase YjhH => putative 2-dehydro-3-deoxy-D-pentonate aldolase YjhH
[19:14:56] Modify product: UPF0401 protein YkfF => hypothetical protein
[19:14:56] Modify product: UPF0053 inner membrane protein YfjD => hypothetical protein
[19:14:56] Modify product: Prophage tail fiber assembly protein homolog TfaE => Prophage tail fiber assembly protein TfaE
[19:14:56] Modify product: Probable HTH-type transcriptional regulator YgaV => putative HTH-type transcriptional regulator YgaV
[19:14:56] Modify product: Uncharacterized protein YgaM => putative protein YgaM
[19:14:56] Modify product: Probable transporter SCO4007 => putative transporter
[19:14:56] Modify product: Uncharacterized HTH-type transcriptional regulator YdjF => putative HTH-type transcriptional regulator YdjF
[19:14:56] Modify product: UPF0382 inner membrane protein YgdD => hypothetical protein
[19:14:56] Modify product: Uncharacterized lipoprotein YgdR => putative lipoprotein YgdR
[19:14:56] Modify product: UPF0053 inner membrane protein YgdQ => hypothetical protein
[19:14:56] Modify product: Uncharacterized lipoprotein YgdR => putative lipoprotein YgdR
[19:14:56] Modify product: Uncharacterized protein HI_1163 => putative protein
[19:14:56] Modify product: Probable ATP-dependent transporter SufC => putative ATP-dependent transporter SufC
[19:14:56] Modify product: Probable L,D-transpeptidase YnhG => putative L,D-transpeptidase YnhG
[19:14:56] Modify product: Uncharacterized ferredoxin-like protein YdhY => putative ferredoxin-like protein YdhY
[19:14:56] Modify product: Uncharacterized oxidoreductase YdhV => putative oxidoreductase YdhV
[19:14:56] Modify product: Uncharacterized protein YdhW => putative protein YdhW
[19:14:56] Modify product: Uncharacterized ferredoxin-like protein YdhX => putative ferredoxin-like protein YdhX
[19:14:56] Modify product: Uncharacterized protein YdhT => putative protein YdhT
[19:14:56] Modify product: Probable autotransporter ROD_p1121 => putative autotransporter
[19:14:56] Modify product: Uncharacterized HTH-type transcriptional regulator YahB => putative HTH-type transcriptional regulator YahB
[19:14:56] Modify product: Uncharacterized protein YnhF => putative protein YnhF
[19:14:56] Modify product: Uncharacterized oxidoreductase YdgJ => putative oxidoreductase YdgJ
[19:14:56] Modify product: Uncharacterized protein YqfG => putative protein YqfG
[19:14:56] Modify product: UPF0073 inner membrane protein YqfA => hypothetical protein
[19:14:56] Modify product: UPF0267 protein YqfB => hypothetical protein
[19:14:56] Modify product: UPF0149 protein HI_0817 => hypothetical protein
[19:14:56] Modify product: UPF0301 protein YqgE => hypothetical protein
[19:14:56] Modify product: Uncharacterized protein YggR => putative protein YggR
[19:14:56] Modify product: UPF0235 protein YggU => hypothetical protein
[19:14:56] Modify product: Uncharacterized protein HI_0341 => putative protein
[19:14:56] Modify product: Probable Fe(2+)-trafficking protein => putative Fe(2+)-trafficking protein
[19:14:56] Modify product: Uncharacterized fimbrial-like protein YbgD => putative fimbrial-like protein YbgD
[19:14:56] Modify product: Probable fimbrial chaperone YfcS => putative fimbrial chaperone YfcS
[19:14:56] Modify product: Probable glycerol-3-phosphate acyltransferase => putative glycerol-3-phosphate acyltransferase
[19:14:56] Modify product: Uncharacterized protein YqjD => putative protein YqjD
[19:14:56] Modify product: UPF0597 protein YhaM => hypothetical protein
[19:14:56] Modify product: Probable serine transporter => putative serine transporter
[19:14:56] Modify product: Probable galactarate transporter => putative galactarate transporter
[19:14:56] Modify product: Probable dimethyl sulfoxide reductase chain YnfF => putative dimethyl sulfoxide reductase chain YnfF
[19:14:56] Modify product: Uncharacterized protein YnfD => putative protein YnfD
[19:14:56] Modify product: UPF0482 protein YnfB => hypothetical protein
[19:14:56] Modify product: UPF0060 membrane protein YnfA => hypothetical protein
[19:14:56] Modify product: Probable amino-acid metabolite efflux pump => putative amino-acid metabolite efflux pump
[19:14:56] Modify product: UPF0056 inner membrane protein MarC => hypothetical protein
[19:14:56] Modify product: Uncharacterized protein YaeQ => putative protein YaeQ
[19:14:56] Modify product: Uncharacterized HTH-type transcriptional regulator YbbH => putative HTH-type transcriptional regulator YbbH
[19:14:56] Modify product: Probable BsuMI modification methylase subunit YdiO => putative BsuMI modification methylase subunit YdiO
[19:14:56] Modify product: UPF0307 protein YjgA => hypothetical protein
[19:14:56] Modify product: UPF0053 inner membrane protein YtfL => hypothetical protein
[19:14:56] Modify product: Uncharacterized protein YtfJ => putative protein YtfJ
[19:14:56] Modify product: Probable L-ascorbate-6-phosphate lactonase UlaG => putative L-ascorbate-6-phosphate lactonase UlaG
[19:14:56] Modify product: UPF0719 inner membrane protein YjfL => hypothetical protein
[19:14:56] Modify product: UPF0716 protein FxsA => hypothetical protein
[19:14:56] Modify product: GTP cyclohydrolase 1 type 2 homolog => GTP cyclohydrolase 1 type 2 
[19:14:56] Modify product: Probable cyclic di-GMP phosphodiesterase PdeA => putative cyclic di-GMP phosphodiesterase PdeA
[19:14:56] Modify product: Probable multidrug resistance protein EmrK => putative multidrug resistance protein EmrK
[19:14:56] Modify product: Probable multidrug resistance protein EmrY => putative multidrug resistance protein EmrY
[19:14:56] Modify product: UPF0381 protein YiiS => hypothetical protein
[19:14:56] Modify product: Probable fimbrial chaperone YfcS => putative fimbrial chaperone YfcS
[19:14:56] Modify product: Uncharacterized fimbrial-like protein YfcR => putative fimbrial-like protein YfcR
[19:14:56] Modify product: Uncharacterized fimbrial-like protein YfcQ => putative fimbrial-like protein YfcQ
[19:14:56] Modify product: Uncharacterized fimbrial-like protein YfcP => putative fimbrial-like protein YfcP
[19:14:56] Modify product: Uncharacterized protein YfcO => putative protein YfcO
[19:14:56] Modify product: Probable membrane transporter protein YfcA => putative membrane transporter protein YfcA
[19:14:56] Modify product: Uncharacterized MFS-type transporter YfcJ => putative MFS-type transporter YfcJ
[19:14:56] Modify product: Epimerase family protein SA0724 => Epimerase family protein
[19:14:56] Modify product: Uncharacterized Nudix hydrolase YfcD => putative Nudix hydrolase YfcD
[19:14:56] Modify product: UPF0208 membrane protein YfbV => hypothetical protein
[19:14:56] Modify product: UPF0304 protein YfbU => hypothetical protein
[19:14:56] Modify product: Probable FMN/FAD exporter YeeO => putative FMN/FAD exporter YeeO
[19:14:56] Modify product: Probable transcriptional regulatory protein YeeN => putative transcriptional regulatory protein YeeN
[19:14:56] Modify product: Putative multidrug export ATP-binding/permease protein SAV1866 => Putative multidrug export ATP-binding/permease protein
[19:14:56] Modify product: Uncharacterized protein YedJ => putative protein YedJ
[19:14:56] Modify product: Uncharacterized inner membrane transporter YedA => putative inner membrane transporter YedA
[19:14:56] Modify product: Probable diguanylate cyclase DgcQ => putative diguanylate cyclase DgcQ
[19:14:56] Modify product: UPF0098 protein YbcL => hypothetical protein
[19:14:56] Modify product: UPF0394 inner membrane protein YedE => hypothetical protein
[19:14:56] Modify product: Uncharacterized FAD-linked oxidoreductase Rv2280 => putative FAD-linked oxidoreductase
[19:14:56] Modify product: Uncharacterized protein YtfJ => putative protein YtfJ
[19:14:56] Modify product: Probable Ni/Fe-hydrogenase 2 b-type cytochrome subunit => putative Ni/Fe-hydrogenase 2 b-type cytochrome subunit
[19:14:56] Modify product: Uncharacterized oxidoreductase YghA => putative oxidoreductase YghA
[19:14:56] Modify product: Uncharacterized oxidoreductase YjmC => putative oxidoreductase YjmC
[19:14:56] Modify product: Solute-binding protein Bpro_3107 => Solute-binding protein
[19:14:56] Modify product: Probable deoxycholate-binding periplasmic protein YgiS => putative deoxycholate-binding periplasmic protein YgiS
[19:14:56] Modify product: Probable quinol monooxygenase YgiN => putative quinol monooxygenase YgiN
[19:14:56] Modify product: Probable siderophore transport system permease protein YfiZ => putative siderophore transport system permease protein YfiZ
[19:14:56] Modify product: Probable siderophore transport system ATP-binding protein YusV => putative siderophore transport system ATP-binding protein YusV
[19:14:56] Modify product: Uncharacterized protein YgcP => putative protein YgcP
[19:14:56] Modify product: Probable glucarate transporter => putative glucarate transporter
[19:14:56] Modify product: Uncharacterized protein PA3435 => putative protein
[19:14:56] Modify product: Uncharacterized protein YqcC => putative protein YqcC
[19:14:56] Modify product: UPF0070 protein HI_0370 => hypothetical protein
[19:14:56] Modify product: Uncharacterized protein YfgJ => putative protein YfgJ
[19:14:56] Modify product: Uncharacterized protein YfgD => putative protein YfgD
[19:14:56] Modify product: Uncharacterized protein Rv2575 => putative protein
[19:14:56] Modify product: Uncharacterized protein YfeY => putative protein YfeY
[19:14:57] Modify product: Probable transcriptional regulatory protein YebC => putative transcriptional regulatory protein YebC
[19:14:57] Modify product: Uncharacterized protein YebV => putative protein YebV
[19:14:57] Modify product: Probable manganese efflux pump MntP => putative manganese efflux pump MntP
[19:14:57] Modify product: UPF0266 membrane protein YobD => hypothetical protein
[19:14:57] Modify product: UPF0053 inner membrane protein YoaE => hypothetical protein
[19:14:57] Modify product: Probable cyclic di-GMP phosphodiesterase PdeD => putative cyclic di-GMP phosphodiesterase PdeD
[19:14:57] Modify product: Probable ATP-dependent DNA helicase YoaA => putative ATP-dependent DNA helicase YoaA
[19:14:57] Modify product: Uncharacterized protein YeaR => putative protein YeaR
[19:14:57] Modify product: Probable diguanylate cyclase DgcJ => putative diguanylate cyclase DgcJ
[19:14:57] Modify product: Probable diguanylate cyclase CdgI => putative diguanylate cyclase CdgI
[19:14:57] Modify product: Stress response UPF0229 protein YhbH => hypothetical protein
[19:14:57] Modify product: Uncharacterized zinc-type alcohol dehydrogenase-like protein YdjJ => putative zinc-type alcohol dehydrogenase-like protein YdjJ
[19:14:57] Modify product: Uncharacterized protein YdjI => putative protein YdjI
[19:14:57] Modify product: Uncharacterized sugar kinase YdjH => putative sugar kinase YdjH
[19:14:57] Modify product: Uncharacterized HTH-type transcriptional regulator YdjF => putative HTH-type transcriptional regulator YdjF
[19:14:57] Modify product: Probable ketoamine kinase HMPREF0351_12196 => putative ketoamine kinase
[19:14:57] Modify product: Uncharacterized protein YniD => putative protein YniD
[19:14:57] Modify product: Uncharacterized protein YdiE => putative protein YdiE
[19:14:57] Modify product: UPF0352 protein YejL => hypothetical protein
[19:14:57] Modify product: Uncharacterized protein YejG => putative protein YejG
[19:14:57] Modify product: Uncharacterized ABC transporter ATP-binding protein YejF => putative ABC transporter ATP-binding protein YejF
[19:14:57] Modify product: Probable cyclic di-GMP phosphodiesterase PdeN => putative cyclic di-GMP phosphodiesterase PdeN
[19:14:57] Modify product: UPF0153 protein YeiW => hypothetical protein
[19:14:57] Modify product: UPF0324 inner membrane protein YeiH => hypothetical protein
[19:14:57] Modify product: UPF0299 membrane protein YohJ => hypothetical protein
[19:14:57] Modify product: Uncharacterized oxidoreductase YohF => putative oxidoreductase YohF
[19:14:57] Modify product: UPF0387 membrane protein YohO => hypothetical protein
[19:14:57] Modify product: Uncharacterized lipoprotein YehR => putative lipoprotein YehR
[19:14:57] Modify product: Uncharacterized protein YehL => putative protein YehL
[19:14:57] Modify product: Uncharacterized fimbrial-like protein YehD => putative fimbrial-like protein YehD
[19:14:57] Modify product: Probable fimbrial chaperone YehC => putative fimbrial chaperone YehC
[19:14:57] Modify product: Uncharacterized protease YhbU => putative protease YhbU
[19:14:57] Modify product: Uncharacterized inner membrane transporter YhbE => putative inner membrane transporter YhbE
[19:14:57] Modify product: Uncharacterized protein YrbL => putative protein YrbL
[19:14:57] Modify product: Uncharacterized protein YhcH => putative protein YhcH
[19:14:57] Modify product: Uncharacterized protein YhcO => putative protein YhcO
[19:14:57] Modify product: Probable acrylyl-CoA reductase AcuI => putative acrylyl-CoA reductase AcuI
[19:14:57] Modify product: Probable 4-amino-4-deoxy-L-arabinose-phosphoundecaprenol flippase subunit ArnF => putative 4-amino-4-deoxy-L-arabinose-phosphoundecaprenol flippase subunit ArnF
[19:14:57] Modify product: Probable 4-amino-4-deoxy-L-arabinose-phosphoundecaprenol flippase subunit ArnE => putative 4-amino-4-deoxy-L-arabinose-phosphoundecaprenol flippase subunit ArnE
[19:14:57] Modify product: Probable 4-deoxy-4-formamido-L-arabinose-phosphoundecaprenol deformylase ArnD => putative 4-deoxy-4-formamido-L-arabinose-phosphoundecaprenol deformylase ArnD
[19:14:57] Modify product: Uncharacterized HTH-type transcriptional regulator RhmR => putative HTH-type transcriptional regulator RhmR
[19:14:57] Modify product: Probable autotransporter YfaL => putative autotransporter YfaL
[19:14:57] Modify product: UPF0126 inner membrane protein YadS => hypothetical protein
[19:14:57] Modify product: Uncharacterized fimbrial-like protein YadN => putative fimbrial-like protein YadN
[19:14:57] Modify product: Probable fimbrial chaperone YadV => putative fimbrial chaperone YadV
[19:14:57] Modify product: Uncharacterized fimbrial-like protein YadM => putative fimbrial-like protein YadM
[19:14:57] Modify product: Uncharacterized fimbrial-like protein YadL => putative fimbrial-like protein YadL
[19:14:57] Modify product: Uncharacterized fimbrial-like protein YadK => putative fimbrial-like protein YadK
[19:14:57] Modify product: Uncharacterized fimbrial-like protein YadC => putative fimbrial-like protein YadC
[19:14:57] Modify product: Uncharacterized ABC transporter ATP-binding protein YadG => putative ABC transporter ATP-binding protein YadG
[19:14:57] Modify product: UPF0231 protein YacL => hypothetical protein
[19:14:57] Modify product: Probable peptidoglycan glycosyltransferase FtsW => putative peptidoglycan glycosyltransferase FtsW
[19:14:57] Modify product: Uncharacterized membrane protein YhdT => putative membrane protein YhdT
[19:14:57] Modify product: Uncharacterized tRNA/rRNA methyltransferase YfiF => putative tRNA/rRNA methyltransferase YfiF
[19:14:57] Modify product: Uncharacterized protein YphB => putative protein YphB
[19:14:57] Modify product: Probable 3-phenylpropionic acid transporter => putative 3-phenylpropionic acid transporter
[19:14:57] Modify product: Uncharacterized protein Rv2307c => putative protein
[19:14:57] Modify product: UPF0265 protein YeeX => hypothetical protein
[19:14:57] Modify product: UPF0758 protein CT0611 => hypothetical protein
[19:14:57] Modify product: Uncharacterized protein YbdM => putative protein YbdM
[19:14:57] Modify product: Probable L,D-transpeptidase ErfK/SrfK => putative L,D-transpeptidase ErfK/SrfK
[19:14:57] Modify product: Probable acyl-CoA dehydrogenase fadE25 => putative acyl-CoA dehydrogenase fadE25
[19:14:57] Modify product: Uncharacterized ABC transporter ATP-binding protein YbiT => putative ABC transporter ATP-binding protein YbiT
[19:14:57] Modify product: Probable TonB-dependent receptor BfrD => putative TonB-dependent receptor BfrD
[19:14:57] Modify product: Probable N-methylproline demethylase => putative N-methylproline demethylase
[19:14:57] Modify product: Probable multidrug resistance protein EmrK => putative multidrug resistance protein EmrK
[19:14:57] Modify product: Purine-binding protein BAB2_0673 => Purine-binding protein
[19:14:57] Modify product: UPF0401 protein YkfF => hypothetical protein
[19:14:57] Modify product: Probable L,D-transpeptidase YcbB => putative L,D-transpeptidase YcbB
[19:14:57] Modify product: Uncharacterized PhzA/B-like protein PA3332 => putative PhzA/B-like protein
[19:14:57] Modify product: Uncharacterized protein YibN => putative protein YibN
[19:14:57] Modify product: Uncharacterized protein HI_0755 => putative protein
[19:14:57] Modify product: UPF0758 protein SP_1088 => hypothetical protein
[19:14:57] Modify product: UPF0701 protein YicC => hypothetical protein
[19:14:57] Modify product: UPF0126 inner membrane protein YicG => hypothetical protein
[19:14:57] Modify product: Probable fructose-bisphosphate aldolase => putative fructose-bisphosphate aldolase
[19:14:57] Modify product: Uncharacterized inner membrane transporter YicL => putative inner membrane transporter YicL
[19:14:57] Modify product: Uncharacterized symporter YidK => putative symporter YidK
[19:14:57] Modify product: UPF0401 protein YkfF => hypothetical protein
[19:14:57] Modify product: UPF0401 protein YkfF => hypothetical protein
[19:14:57] Modify product: Probable UbiX-like flavin prenyltransferase => putative UbiX-like flavin prenyltransferase
[19:14:57] Modify product: Uncharacterized protein YceO => putative protein YceO
[19:14:57] Modify product: Cytochrome b561 homolog 2 => Cytochrome b561 
[19:14:57] Modify product: UPF0176 protein YceA => hypothetical protein
[19:14:57] Modify product: Uncharacterized protein YmdA => putative protein YmdA
[19:14:57] Modify product: Probable phosphatase YcdX => putative phosphatase YcdX
[19:14:57] Modify product: Probable diguanylate cyclase DgcT => putative diguanylate cyclase DgcT
[19:14:57] Modify product: Probable malonic semialdehyde reductase RutE => putative malonic semialdehyde reductase RutE
[19:14:57] Modify product: Uncharacterized protein YccJ => putative protein YccJ
[19:14:57] Modify product: Probable Ni/Fe-hydrogenase 1 B-type cytochrome subunit => putative Ni/Fe-hydrogenase 1 B-type cytochrome subunit
[19:14:57] Modify product: Uncharacterized protein YccU => putative protein YccU
[19:14:57] Modify product: UPF0319 protein HI_1681 => hypothetical protein
[19:14:57] Modify product: Uncharacterized protein YcbX => putative protein YcbX
[19:14:57] Modify product: Uncharacterized methyltransferase YcgJ => putative methyltransferase YcgJ
[19:14:57] Modify product: Uncharacterized protein HI_1427 => putative protein
[19:14:57] Modify product: Uncharacterized protein YncE => putative protein YncE
[19:14:57] Modify product: Probable TonB-dependent receptor NMB1497 => putative TonB-dependent receptor
[19:14:57] Modify product: Uncharacterized protein YbfE => putative protein YbfE
[19:14:57] Modify product: Uncharacterized lipoprotein ChiQ => putative lipoprotein ChiQ
[19:14:57] Modify product: UPF0053 inner membrane protein YgdQ => hypothetical protein
[19:14:57] Modify product: UPF0053 inner membrane protein YgdQ => hypothetical protein
[19:14:57] Modify product: UPF0250 protein YbeD => hypothetical protein
[19:14:57] Modify product: Uncharacterized HTH-type transcriptional regulator YbdO => putative HTH-type transcriptional regulator YbdO
[19:14:57] Modify product: Uncharacterized protein YbdM => putative protein YbdM
[19:14:57] Modify product: Bifunctional protein FolD => Bifunctional protein FolD protein
[19:14:57] Modify product: Uncharacterized protein YbcJ => putative protein YbcJ
[19:14:57] Modify product: Probable iron export permease protein FetB => putative iron export permease protein FetB
[19:14:57] Modify product: Probable iron export ATP-binding protein FetA => putative iron export ATP-binding protein FetA
[19:14:57] Modify product: Uncharacterized HTH-type transcriptional regulator YbaQ => putative HTH-type transcriptional regulator YbaQ
[19:14:58] Modify product: Uncharacterized protein YlcG => putative protein YlcG
[19:14:58] Modify product: Uncharacterized HTH-type transcriptional regulator CBU_1416 => putative HTH-type transcriptional regulator
[19:14:58] Modify product: Probable L,D-transpeptidase YcfS => putative L,D-transpeptidase YcfS
[19:14:58] Modify product: UPF0227 protein YcfP => hypothetical protein
[19:14:58] Modify product: Uncharacterized metal-dependent hydrolase YcfH => putative metal-dependent hydrolase YcfH
[19:14:58] Modify product: UPF0502 protein YceH => hypothetical protein
[19:14:58] Modify product: Uncharacterized lipoprotein YceB => putative lipoprotein YceB
[19:14:58] Modify product: Probable bifunctional chitinase/lysozyme => putative bifunctional chitinase/lysozyme
[19:14:58] Modify product: Protein SlyX homolog => Protein SlyX 
[19:14:58] Modify product: Uncharacterized ABC transporter ATP-binding protein YheS => putative ABC transporter ATP-binding protein YheS
[19:14:58] Modify product: UPF0270 protein PA3463 => hypothetical protein
[19:14:58] Modify product: Probable protein adenylyltransferase Fic => putative protein adenylyltransferase Fic
[19:14:58] Modify product: Uncharacterized protein YhfG => putative protein YhfG
[19:14:58] Modify product: Uncharacterized protein YhfS => putative protein YhfS
[19:14:58] Modify product: Uncharacterized protein YhfX => putative protein YhfX
[19:14:58] Modify product: Putative membrane protein IgaA homolog => Putative membrane protein IgaA 
[19:14:58] Modify product: Probable [Fe-S]-dependent transcriptional repressor FeoC => putative [Fe-S]-dependent transcriptional repressor FeoC
[19:14:58] Modify product: Uncharacterized metal-dependent hydrolase YcfH => putative metal-dependent hydrolase YcfH
[19:14:58] Modify product: UPF0401 protein YkfF => hypothetical protein
[19:14:58] Modify product: Probable cadaverine/lysine antiporter => putative cadaverine/lysine antiporter
[19:14:58] Modify product: Uncharacterized protein YjdJ => putative protein YjdJ
[19:14:58] Modify product: Probable transcriptional regulator PhnF => putative transcriptional regulator PhnF
[19:14:58] Modify product: Uncharacterized HTH-type transcriptional regulator YahB => putative HTH-type transcriptional regulator YahB
[19:14:58] Modify product: Probable pyridine nucleotide-disulfide oxidoreductase RclA => putative pyridine nucleotide-disulfide oxidoreductase RclA
[19:14:58] Modify product: Uncharacterized oxidoreductase YtbE => putative oxidoreductase YtbE
[19:14:58] Modify product: Uncharacterized protein YcjY => putative protein YcjY
[19:14:58] Modify product: Uncharacterized membrane protein YkgR => putative membrane protein YkgR
[19:14:58] Modify product: Probable fimbrial chaperone EcpB => putative fimbrial chaperone EcpB
[19:14:58] Modify product: Probable outer membrane usher protein EcpC => putative outer membrane usher protein EcpC
[19:14:58] Modify product: Probable fimbrial chaperone EcpE => putative fimbrial chaperone EcpE
[19:14:58] Modify product: UPF0255 protein VV1_0328 => hypothetical protein
[19:14:58] Modify product: Uncharacterized N-acetyltransferase YafP => putative N-acetyltransferase YafP
[19:14:58] Modify product: Probable L-galactonate transporter => putative L-galactonate transporter
[19:14:58] Modify product: UPF0438 protein YifE => hypothetical protein
[19:14:58] Modify product: Probable ECA polymerase => putative ECA polymerase
[19:14:58] Modify product: Probable transport protein YifK => putative transport protein YifK
[19:14:58] Modify product: Probable cyclic di-GMP phosphodiesterase PdeB => putative cyclic di-GMP phosphodiesterase PdeB
[19:14:58] Modify product: Uncharacterized protein YbaA => putative protein YbaA
[19:14:58] Modify product: Uncharacterized lipoprotein YbaY => putative lipoprotein YbaY
[19:14:58] Modify product: Probable multidrug resistance ABC transporter ATP-binding/permease protein YheI => putative multidrug resistance ABC transporter ATP-binding/permease protein YheI
[19:14:58] Modify product: Uncharacterized protein HI_1008 => putative protein
[19:14:58] Modify product: UPF0234 protein YajQ => hypothetical protein
[19:14:58] Modify product: Uncharacterized lipoprotein YajI => putative lipoprotein YajI
[19:14:58] Modify product: Uncharacterized protein YaiA => putative protein YaiA
[19:14:58] Modify product: UPF0178 protein YaiI => hypothetical protein
[19:14:58] Modify product: Probable diguanylate cyclase DgcC => putative diguanylate cyclase DgcC
[19:14:58] Modify product: UPF0056 inner membrane protein MarC => hypothetical protein
[19:14:58] Modify product: Uncharacterized NTE family protein Rv1063c => putative NTE family protein
[19:14:58] Modify product: UPF0225 protein YchJ => hypothetical protein
[19:14:58] Modify product: Probable ABC transporter permease protein HI_1471 => putative ABC transporter permease protein
[19:14:58] Modify product: Uncharacterized ABC transporter ATP-binding protein HI_1470 => putative ABC transporter ATP-binding protein
[19:14:58] Modify product: Uncharacterized protein YcgM => putative protein YcgM
[19:14:58] Modify product: Probable autotransporter ROD_p1121 => putative autotransporter
[19:14:58] Modify product: UPF0757 protein YmgG => hypothetical protein
[19:14:58] Modify product: Uncharacterized protein YmgD => putative protein YmgD
[19:14:58] Modify product: Probable cyclic di-GMP phosphodiesterase PdeG => putative cyclic di-GMP phosphodiesterase PdeG
[19:14:58] Modify product: Uncharacterized protein YmgC => putative protein YmgC
[19:14:58] Modify product: Probable two-component-system connector protein AriR => putative two-component-system connector protein AriR
[19:14:58] Modify product: Probable two-component-system connector protein YcgZ => putative two-component-system connector protein YcgZ
[19:14:58] Modify product: Uncharacterized protein YdfO => putative protein YdfO
[19:14:58] Modify product: Uncharacterized periplasmic iron-binding protein HI_0362 => putative periplasmic iron-binding protein
[19:14:58] Modify product: Probable 2-dehydro-3-deoxygalactonokinase DgoK1 => putative 2-dehydro-3-deoxygalactonokinase DgoK1
[19:14:58] Modify product: Probable glucosamine-6-phosphate deaminase 2 => putative glucosamine-6-phosphate deaminase 2
[19:14:58] Modify product: Probable transport protein HsrA => putative transport protein HsrA
[19:14:58] Modify product: Probable cyclic di-GMP phosphodiesterase PdeK => putative cyclic di-GMP phosphodiesterase PdeK
[19:14:58] Modify product: Uncharacterized MFS-type transporter YhjX => putative MFS-type transporter YhjX
[19:14:58] Modify product: Probable lipoprotein YiaD => putative lipoprotein YiaD
[19:14:58] Modify product: Uncharacterized protein HI_0227 => putative protein
[19:14:58] Modify product: Uncharacterized protein YiaX1 => putative protein YiaX1
[19:14:58] Modify product: Uncharacterized GST-like protein YibF => putative GST-like protein YibF
[19:14:58] Modify product: Uncharacterized protein YibL => putative protein YibL
[19:14:58] Modify product: Probable acyltransferase YihG => putative acyltransferase YihG
[19:14:58] Modify product: Probable GTP-binding protein EngB => putative GTP-binding protein EngB
[19:14:58] Modify product: Uncharacterized protein YshB => putative protein YshB
[19:14:58] Modify product: Uncharacterized zinc-type alcohol dehydrogenase-like protein YjmD => putative zinc-type alcohol dehydrogenase-like protein YjmD
[19:14:58] Modify product: Uncharacterized protein YphB => putative protein YphB
[19:14:58] Modify product: UPF0761 membrane protein YihY => hypothetical protein
[19:14:58] Modify product: UPF0381 protein YiiS => hypothetical protein
[19:14:58] Modify product: Probable cystine transporter YijE => putative cystine transporter YijE
[19:14:58] Modify product: Uncharacterized HTH-type transcriptional regulator YbbH => putative HTH-type transcriptional regulator YbbH
[19:14:58] Modify product: Uncharacterized HTH-type transcriptional regulator YahB => putative HTH-type transcriptional regulator YahB
[19:14:58] Modify product: Probable 2-dehydro-3-deoxygalactonokinase DgoK1 => putative 2-dehydro-3-deoxygalactonokinase DgoK1
[19:14:58] Modify product: Probable protein kinase UbiB => putative protein kinase UbiB
[19:14:58] Modify product: Uncharacterized protein HI_0431 => putative protein
[19:14:58] Modify product: Uncharacterized isomerase YddE => putative isomerase YddE
[19:14:58] Modify product: Probable nitrate reductase molybdenum cofactor assembly chaperone NarW => putative nitrate reductase molybdenum cofactor assembly chaperone NarW
[19:14:58] Modify product: Uncharacterized HTH-type transcriptional regulator YddM => putative HTH-type transcriptional regulator YddM
[19:14:58] Modify product: Probable glutamate/gamma-aminobutyrate antiporter => putative glutamate/gamma-aminobutyrate antiporter
[19:14:58] Modify product: Prophage tail fiber assembly protein homolog TfaE => Prophage tail fiber assembly protein TfaE
[19:14:58] Modify product: Uncharacterized protein YciO => putative protein YciO
[19:14:58] Modify product: Uncharacterized oxidoreductase YciK => putative oxidoreductase YciK
[19:14:58] Modify product: Probable protease SohB => putative protease SohB
[19:14:58] Modify product: Uncharacterized protein YciH => putative protein YciH
[19:14:58] Modify product: UPF0509 protein YciZ => hypothetical protein
[19:14:58] Modify product: Probable efflux pump outer membrane protein TtgC => putative efflux pump outer membrane protein TtgC
[19:14:58] Modify product: Uncharacterized protein YcjX => putative protein YcjX
[19:14:58] Modify product: UPF0283 membrane protein YcjF => hypothetical protein
[19:14:58] Modify product: Uncharacterized protein YcjY => putative protein YcjY
[19:14:58] Modify product: Probable L,D-transpeptidase YcbB => putative L,D-transpeptidase YcbB
[19:14:58] Modify product: UPF0434 protein YcaR => hypothetical protein
[19:14:58] Modify product: Uncharacterized MFS-type transporter YcaD => putative MFS-type transporter YcaD
[19:14:58] Modify product: Probable hydrolase YcaC => putative hydrolase YcaC
[19:14:58] Modify product: UPF0145 protein YbjQ => hypothetical protein
[19:14:58] Modify product: Uncharacterized lipoprotein YbjP => putative lipoprotein YbjP
[19:14:58] Modify product: Probable D,D-dipeptide-binding periplasmic protein DdpA => putative D,D-dipeptide-binding periplasmic protein DdpA
[19:14:58] Modify product: Probable D,D-dipeptide transport system permease protein DdpC => putative D,D-dipeptide transport system permease protein DdpC
[19:14:58] Modify product: Uncharacterized ferredoxin-like protein YdhX => putative ferredoxin-like protein YdhX
[19:14:58] Modify product: Probable cyclic di-GMP phosphodiesterase PdeC => putative cyclic di-GMP phosphodiesterase PdeC
[19:14:58] Modify product: Uncharacterized protein YjbR => putative protein YjbR
[19:14:58] Modify product: UPF0337 protein YjbJ => hypothetical protein
[19:14:58] Modify product: Uncharacterized lipoprotein GfcB => putative lipoprotein GfcB
[19:14:58] Modify product: Probable DNA endonuclease SmrA => putative DNA endonuclease SmrA
[19:14:58] Modify product: Uncharacterized protein YnbC => putative protein YnbC
[19:14:58] Modify product: Uncharacterized protein YnbD => putative protein YnbD
[19:14:58] Modify product: Uncharacterized protein Rv3292 => putative protein
[19:14:58] Modify product: 23S rRNA 5-hydroxycytidine C2501 synthase => 23S rRNA 5-hydroxycytidine synthase
[19:14:58] Modify product: Uncharacterized protein YdcY => putative protein YdcY
[19:14:58] Modify product: Uncharacterized protein YncE => putative protein YncE
[19:14:58] Modify product: Uncharacterized protein YdfO => putative protein YdfO
[19:14:58] Modify product: Uncharacterized protein YdfB => putative protein YdfB
[19:14:58] Modify product: UPF0259 membrane protein YciC => hypothetical protein
[19:14:58] Modify product: Probable intracellular septation protein A => putative intracellular septation protein A
[19:14:58] Modify product: Uncharacterized acyl-CoA thioester hydrolase HI_0827 => putative acyl-CoA thioester hydrolase
[19:14:58] Modify product: UPF0263 protein YciU => hypothetical protein
[19:14:58] Modify product: Uncharacterized protein YbjN => putative protein YbjN
[19:14:58] Modify product: Probable cyclic di-GMP phosphodiesterase PdeI => putative cyclic di-GMP phosphodiesterase PdeI
[19:14:58] Modify product: Uncharacterized ABC transporter ATP-binding protein YbiT => putative ABC transporter ATP-binding protein YbiT
[19:14:58] Modify product: Probable L,D-transpeptidase YbiS => putative L,D-transpeptidase YbiS
[19:14:58] Modify product: Uncharacterized protein McbA => putative protein McbA
[19:14:58] Modify product: PKHD-type hydroxylase Sbal_3634 => PKHD-type hydroxylase
[19:14:58] Modify product: Uncharacterized protein YbiI => putative protein YbiI
[19:14:58] Modify product: Uncharacterized protein YbiB => putative protein YbiB
[19:14:58] Modify product: UPF0194 membrane protein YbhG => hypothetical protein
[19:14:58] Modify product: Probable multidrug ABC transporter ATP-binding protein YbhF => putative multidrug ABC transporter ATP-binding protein YbhF
[19:14:58] Modify product: Probable multidrug ABC transporter permease YbhS => putative multidrug ABC transporter permease YbhS
[19:14:58] Modify product: Probable multidrug ABC transporter permease YbhR => putative multidrug ABC transporter permease YbhR
[19:14:58] Modify product: UPF0098 protein YbhB => hypothetical protein
[19:14:58] Modify product: Uncharacterized fimbrial chaperone YcbF => putative fimbrial chaperone YcbF
[19:14:58] Modify product: Uncharacterized fimbrial-like protein YcbV => putative fimbrial-like protein YcbV
[19:14:58] Modify product: Probable major fimbrial subunit LpfA => putative major fimbrial subunit LpfA
[19:14:58] Modify product: Probable outer membrane usher protein ElfC => putative outer membrane usher protein ElfC
[19:14:58] Modify product: UPF0056 inner membrane protein YhgN => hypothetical protein
[19:14:58] Modify product: Uncharacterized oxidoreductase YhhX => putative oxidoreductase YhhX
[19:14:58] Modify product: Uncharacterized protein YhhA => putative protein YhhA
[19:14:59] Modify product: Uncharacterized MFS-type transporter YhhS => putative MFS-type transporter YhhS
[19:14:59] Modify product: Uncharacterized protein HI_0933 => putative protein
[19:14:59] Modify product: UPF0337 protein PA4738 => hypothetical protein
[19:14:59] Modify product: PKHD-type hydroxylase Sbal_3634 => PKHD-type hydroxylase
[19:14:59] Modify product: Uncharacterized fimbrial-like protein YadK => putative fimbrial-like protein YadK
[19:14:59] Modify product: UPF0126 inner membrane protein YicG => hypothetical protein
[19:14:59] Cleaned 374 /product names
[19:14:59] Deleting unwanted file: prokka_03S58/PROKKA_05042025.sprot.tmp.913451.faa
[19:14:59] Deleting unwanted file: prokka_03S58/PROKKA_05042025.sprot.tmp.913451.blast
[19:14:59] There are still 1445 unannotated CDS left (started with 5206)
[19:14:59] Will use hmmer3 to search against /home/users/sc1830/.conda/envs/prokka-clean/db/hmm/HAMAP.hmm with 24 CPUs
[19:14:59] Running: cat prokka_03S58\/PROKKA_05042025\.HAMAP\.hmm\.tmp\.913451\.faa | parallel --gnu --plain -j 24 --block 6761 --recstart '>' --pipe hmmscan --noali --notextw --acc -E 1e-09 --cpu 1 /home/users/sc1830/.conda/envs/prokka-clean/db/hmm/HAMAP.hmm /dev/stdin > prokka_03S58\/PROKKA_05042025\.HAMAP\.hmm\.tmp\.913451\.hmmer3 2> /dev/null
[19:15:06] Modify product: Uncharacterized Nudix hydrolase NudL => putative Nudix hydrolase NudL
[19:15:06] Cleaned 1 /product names
[19:15:06] Deleting unwanted file: prokka_03S58/PROKKA_05042025.HAMAP.hmm.tmp.913451.faa
[19:15:06] Deleting unwanted file: prokka_03S58/PROKKA_05042025.HAMAP.hmm.tmp.913451.hmmer3
[19:15:06] Labelling remaining 1350 proteins as 'hypothetical protein'
[19:15:06] Possible /pseudo 'Protein tas' at NODE_1_length_766028_cov_118.752115 position 286768
[19:15:06] Possible /pseudo 'Energy-coupling factor transporter ATP-binding protein EcfA1' at NODE_1_length_766028_cov_118.752115 position 373728
[19:15:06] Possible /pseudo 'IS110 family transposase IS621' at NODE_2_length_641155_cov_110.380681 position 2842
[19:15:06] Possible /pseudo 'Cryptic outer membrane porin BglH' at NODE_3_length_581867_cov_105.838225 position 541365
[19:15:06] Possible /pseudo 'Colicin-E7 immunity protein' at NODE_4_length_549729_cov_118.244257 position 101340
[19:15:06] Possible /pseudo 'Colicin-E7 immunity protein' at NODE_4_length_549729_cov_118.244257 position 102038
[19:15:06] Possible /pseudo 'ISKra4 family transposase ISCep1' at NODE_4_length_549729_cov_118.244257 position 310624
[19:15:06] Possible /pseudo 'IS630 family transposase ISEc40' at NODE_4_length_549729_cov_118.244257 position 390106
[19:15:06] Possible /pseudo 'Propionate catabolism operon regulatory protein' at NODE_5_length_468533_cov_112.715830 position 366659
[19:15:06] Possible /pseudo 'HTH-type transcriptional regulator PgrR' at NODE_5_length_468533_cov_112.715830 position 417081
[19:15:06] Possible /pseudo 'Putative pyrimidine permease RutG' at NODE_6_length_419314_cov_114.387877 position 145000
[19:15:06] Possible /pseudo 'CRISPR-associated protein Csy2' at NODE_6_length_419314_cov_114.387877 position 270657
[19:15:06] Possible /pseudo 'Inner membrane protein YbhI' at NODE_6_length_419314_cov_114.387877 position 397919
[19:15:06] Possible /pseudo 'Small toxic polypeptide LdrD' at NODE_7_length_282505_cov_120.181537 position 29395
[19:15:06] Possible /pseudo '6-phosphogluconate phosphatase' at NODE_7_length_282505_cov_120.181537 position 238423
[19:15:06] Possible /pseudo 'Heat shock protein 15' at NODE_8_length_246464_cov_120.163004 position 95292
[19:15:06] Possible /pseudo 'PTS system mannose-specific EIIAB component' at NODE_8_length_246464_cov_120.163004 position 175325
[19:15:06] Possible /pseudo 'D-allose transport system permease protein AlsC' at NODE_9_length_229951_cov_119.409305 position 107655
[19:15:06] Possible /pseudo 'Formate dehydrogenase H' at NODE_9_length_229951_cov_119.409305 position 117954
[19:15:06] Possible /pseudo 'Manganese transport system membrane protein MntB' at NODE_11_length_147341_cov_117.602945 position 127120
[19:15:06] Possible /pseudo 'Formate dehydrogenase-O major subunit' at NODE_12_length_129322_cov_124.547374 position 39239
[19:15:06] Possible /pseudo 'Mannosylglucosyl-3-phosphoglycerate phosphatase' at NODE_12_length_129322_cov_124.547374 position 85114
[19:15:06] Possible /pseudo 'Formate dehydrogenase, nitrate-inducible, major subunit' at NODE_15_length_32193_cov_103.982411 position 16616
[19:15:06] Possible /pseudo 'Protein UmuC' at NODE_17_length_22395_cov_119.420873 position 4202
[19:15:06] Possible /pseudo 'D-malate dehydrogenase [decarboxylating]' at NODE_113_length_676_cov_0.788707 position 428
[19:15:06] Found 3163 unique /gene codes.
[19:15:06] Fixed 2 duplicate /gene - rob_1 rob_2
[19:15:06] Fixed 2 duplicate /gene - hslR_1 hslR_2
[19:15:06] Fixed 2 duplicate /gene - pal_1 pal_2
[19:15:06] Fixed 2 duplicate /gene - crfC_1 crfC_2
[19:15:06] Fixed 3 duplicate /gene - dppB_1 dppB_2 dppB_3
[19:15:06] Fixed 2 duplicate /gene - era_1 era_2
[19:15:06] Fixed 3 duplicate /gene - ispB_1 ispB_2 ispB_3
[19:15:06] Fixed 2 duplicate /gene - torS_1 torS_2
[19:15:06] Fixed 3 duplicate /gene - fixB_1 fixB_2 fixB_3
[19:15:06] Fixed 3 duplicate /gene - dapA_1 dapA_2 dapA_3
[19:15:06] Fixed 2 duplicate /gene - purN_1 purN_2
[19:15:06] Fixed 2 duplicate /gene - rplS_1 rplS_2
[19:15:06] Fixed 2 duplicate /gene - ydjZ_1 ydjZ_2
[19:15:06] Fixed 2 duplicate /gene - yvgN_1 yvgN_2
[19:15:06] Fixed 2 duplicate /gene - acrR_1 acrR_2
[19:15:06] Fixed 2 duplicate /gene - metR_1 metR_2
[19:15:06] Fixed 2 duplicate /gene - ydhX_1 ydhX_2
[19:15:06] Fixed 2 duplicate /gene - gcvP_1 gcvP_2
[19:15:06] Fixed 2 duplicate /gene - yncE_1 yncE_2
[19:15:06] Fixed 2 duplicate /gene - noc_1 noc_2
[19:15:06] Fixed 2 duplicate /gene - eutN_1 eutN_2
[19:15:06] Fixed 2 duplicate /gene - traY_1 traY_2
[19:15:06] Fixed 3 duplicate /gene - mdh_1 mdh_2 mdh_3
[19:15:06] Fixed 2 duplicate /gene - sucA_1 sucA_2
[19:15:06] Fixed 2 duplicate /gene - lutR_1 lutR_2
[19:15:06] Fixed 2 duplicate /gene - glk_1 glk_2
[19:15:06] Fixed 3 duplicate /gene - imm_1 imm_2 imm_3
[19:15:06] Fixed 2 duplicate /gene - gcvR_1 gcvR_2
[19:15:06] Fixed 2 duplicate /gene - tam_1 tam_2
[19:15:06] Fixed 2 duplicate /gene - coaA_1 coaA_2
[19:15:06] Fixed 2 duplicate /gene - ulaA_1 ulaA_2
[19:15:06] Fixed 2 duplicate /gene - parM_1 parM_2
[19:15:06] Fixed 2 duplicate /gene - cirA_1 cirA_2
[19:15:06] Fixed 2 duplicate /gene - cynR_1 cynR_2
[19:15:06] Fixed 2 duplicate /gene - rspA_1 rspA_2
[19:15:06] Fixed 2 duplicate /gene - ftnA_1 ftnA_2
[19:15:06] Fixed 2 duplicate /gene - fdnH_1 fdnH_2
[19:15:06] Fixed 3 duplicate /gene - mprA_1 mprA_2 mprA_3
[19:15:06] Fixed 2 duplicate /gene - idnT_1 idnT_2
[19:15:06] Fixed 2 duplicate /gene - emrA_1 emrA_2
[19:15:06] Fixed 2 duplicate /gene - crl_1 crl_2
[19:15:06] Fixed 3 duplicate /gene - yohK_1 yohK_2 yohK_3
[19:15:06] Fixed 2 duplicate /gene - aaxC_1 aaxC_2
[19:15:06] Fixed 2 duplicate /gene - hflC_1 hflC_2
[19:15:06] Fixed 2 duplicate /gene - btuR_1 btuR_2
[19:15:06] Fixed 2 duplicate /gene - ompD_1 ompD_2
[19:15:06] Fixed 2 duplicate /gene - traR_1 traR_2
[19:15:06] Fixed 2 duplicate /gene - ssuD_1 ssuD_2
[19:15:06] Fixed 3 duplicate /gene - dltA_1 dltA_2 dltA_3
[19:15:06] Fixed 2 duplicate /gene - pdeB_1 pdeB_2
[19:15:06] Fixed 2 duplicate /gene - kpsU_1 kpsU_2
[19:15:06] Fixed 2 duplicate /gene - setB_1 setB_2
[19:15:06] Fixed 2 duplicate /gene - fruK_1 fruK_2
[19:15:06] Fixed 4 duplicate /gene - btuD_1 btuD_2 btuD_3 btuD_4
[19:15:06] Fixed 2 duplicate /gene - abaF_1 abaF_2
[19:15:06] Fixed 2 duplicate /gene - ompR_1 ompR_2
[19:15:06] Fixed 5 duplicate /gene - hcpA_1 hcpA_2 hcpA_3 hcpA_4 hcpA_5
[19:15:06] Fixed 3 duplicate /gene - ybhI_1 ybhI_2 ybhI_3
[19:15:06] Fixed 2 duplicate /gene - lgoT_1 lgoT_2
[19:15:06] Fixed 2 duplicate /gene - arcA_1 arcA_2
[19:15:06] Fixed 2 duplicate /gene - hemB_1 hemB_2
[19:15:06] Fixed 2 duplicate /gene - gntK_1 gntK_2
[19:15:06] Fixed 3 duplicate /gene - traD_1 traD_2 traD_3
[19:15:06] Fixed 3 duplicate /gene - umuC_1 umuC_2 umuC_3
[19:15:06] Fixed 2 duplicate /gene - bglF_1 bglF_2
[19:15:06] Fixed 2 duplicate /gene - betI_1 betI_2
[19:15:06] Fixed 2 duplicate /gene - gspA_1 gspA_2
[19:15:06] Fixed 2 duplicate /gene - dsbG_1 dsbG_2
[19:15:06] Fixed 2 duplicate /gene - sorM_1 sorM_2
[19:15:06] Fixed 2 duplicate /gene - traM_1 traM_2
[19:15:06] Fixed 2 duplicate /gene - por_1 por_2
[19:15:06] Fixed 2 duplicate /gene - traV_1 traV_2
[19:15:06] Fixed 2 duplicate /gene - rlmH_1 rlmH_2
[19:15:06] Fixed 3 duplicate /gene - potA_1 potA_2 potA_3
[19:15:06] Fixed 6 duplicate /gene - srlR_1 srlR_2 srlR_3 srlR_4 srlR_5 srlR_6
[19:15:06] Fixed 2 duplicate /gene - hha_1 hha_2
[19:15:06] Fixed 2 duplicate /gene - aroG_1 aroG_2
[19:15:06] Fixed 2 duplicate /gene - yhaJ_1 yhaJ_2
[19:15:06] Fixed 2 duplicate /gene - dnaK_1 dnaK_2
[19:15:06] Fixed 2 duplicate /gene - wecB_1 wecB_2
[19:15:06] Fixed 2 duplicate /gene - codB_1 codB_2
[19:15:06] Fixed 2 duplicate /gene - adhP_1 adhP_2
[19:15:06] Fixed 2 duplicate /gene - rhtC_1 rhtC_2
[19:15:06] Fixed 2 duplicate /gene - ttdT_1 ttdT_2
[19:15:06] Fixed 2 duplicate /gene - ycfH_1 ycfH_2
[19:15:06] Fixed 2 duplicate /gene - purE_1 purE_2
[19:15:06] Fixed 2 duplicate /gene - kdgR_1 kdgR_2
[19:15:06] Fixed 2 duplicate /gene - yfcG_1 yfcG_2
[19:15:06] Fixed 2 duplicate /gene - nagB_1 nagB_2
[19:15:06] Fixed 2 duplicate /gene - tfaE_1 tfaE_2
[19:15:06] Fixed 3 duplicate /gene - glmU_1 glmU_2 glmU_3
[19:15:06] Fixed 2 duplicate /gene - yadK_1 yadK_2
[19:15:06] Fixed 2 duplicate /gene - rnk_1 rnk_2
[19:15:06] Fixed 2 duplicate /gene - kefC_1 kefC_2
[19:15:06] Fixed 5 duplicate /gene - arnC_1 arnC_2 arnC_3 arnC_4 arnC_5
[19:15:06] Fixed 2 duplicate /gene - finO_1 finO_2
[19:15:06] Fixed 2 duplicate /gene - ppa_1 ppa_2
[19:15:06] Fixed 2 duplicate /gene - xylB_1 xylB_2
[19:15:06] Fixed 3 duplicate /gene - rusA_1 rusA_2 rusA_3
[19:15:06] Fixed 2 duplicate /gene - gspK_1 gspK_2
[19:15:06] Fixed 2 duplicate /gene - znuC_1 znuC_2
[19:15:06] Fixed 2 duplicate /gene - fbaA_1 fbaA_2
[19:15:06] Fixed 2 duplicate /gene - allE_1 allE_2
[19:15:06] Fixed 2 duplicate /gene - ytfJ_1 ytfJ_2
[19:15:06] Fixed 2 duplicate /gene - fumC_1 fumC_2
[19:15:06] Fixed 2 duplicate /gene - ubiJ_1 ubiJ_2
[19:15:06] Fixed 2 duplicate /gene - pflD_1 pflD_2
[19:15:06] Fixed 2 duplicate /gene - katE_1 katE_2
[19:15:06] Fixed 3 duplicate /gene - ssb_1 ssb_2 ssb_3
[19:15:06] Fixed 2 duplicate /gene - fryA_1 fryA_2
[19:15:06] Fixed 2 duplicate /gene - kdsD_1 kdsD_2
[19:15:06] Fixed 2 duplicate /gene - malY_1 malY_2
[19:15:06] Fixed 3 duplicate /gene - oxyR_1 oxyR_2 oxyR_3
[19:15:06] Fixed 2 duplicate /gene - adh1_1 adh1_2
[19:15:06] Fixed 2 duplicate /gene - flmC_1 flmC_2
[19:15:06] Fixed 2 duplicate /gene - sgrR_1 sgrR_2
[19:15:06] Fixed 2 duplicate /gene - aspT_1 aspT_2
[19:15:06] Fixed 2 duplicate /gene - flhA_1 flhA_2
[19:15:06] Fixed 2 duplicate /gene - ssuC_1 ssuC_2
[19:15:06] Fixed 2 duplicate /gene - mak_1 mak_2
[19:15:06] Fixed 2 duplicate /gene - yfcF_1 yfcF_2
[19:15:06] Fixed 2 duplicate /gene - rbsB_1 rbsB_2
[19:15:06] Fixed 2 duplicate /gene - acrB_1 acrB_2
[19:15:06] Fixed 2 duplicate /gene - ydfJ_1 ydfJ_2
[19:15:06] Fixed 2 duplicate /gene - gcd_1 gcd_2
[19:15:06] Fixed 2 duplicate /gene - btuF_1 btuF_2
[19:15:06] Fixed 2 duplicate /gene - acpS_1 acpS_2
[19:15:06] Fixed 2 duplicate /gene - yedF_1 yedF_2
[19:15:06] Fixed 3 duplicate /gene - fdrA_1 fdrA_2 fdrA_3
[19:15:06] Fixed 2 duplicate /gene - dcd_1 dcd_2
[19:15:06] Fixed 2 duplicate /gene - umuD_1 umuD_2
[19:15:06] Fixed 4 duplicate /gene - rhaR_1 rhaR_2 rhaR_3 rhaR_4
[19:15:06] Fixed 2 duplicate /gene - acuI_1 acuI_2
[19:15:06] Fixed 2 duplicate /gene - dppD_1 dppD_2
[19:15:06] Fixed 3 duplicate /gene - fruA_1 fruA_2 fruA_3
[19:15:06] Fixed 2 duplicate /gene - tabA_1 tabA_2
[19:15:06] Fixed 2 duplicate /gene - sorC_1 sorC_2
[19:15:06] Fixed 3 duplicate /gene - traC_1 traC_2 traC_3
[19:15:06] Fixed 3 duplicate /gene - ydcV_1 ydcV_2 ydcV_3
[19:15:06] Fixed 3 duplicate /gene - pgrR_1 pgrR_2 pgrR_3
[19:15:06] Fixed 2 duplicate /gene - nanT_1 nanT_2
[19:15:06] Fixed 3 duplicate /gene - cbeA_1 cbeA_2 cbeA_3
[19:15:06] Fixed 3 duplicate /gene - yggP_1 yggP_2 yggP_3
[19:15:06] Fixed 2 duplicate /gene - nlpD_1 nlpD_2
[19:15:06] Fixed 2 duplicate /gene - php_1 php_2
[19:15:06] Fixed 2 duplicate /gene - polB_1 polB_2
[19:15:06] Fixed 2 duplicate /gene - rcsA_1 rcsA_2
[19:15:06] Fixed 2 duplicate /gene - psiB_1 psiB_2
[19:15:06] Fixed 2 duplicate /gene - leuC_1 leuC_2
[19:15:06] Fixed 2 duplicate /gene - ccmH_1 ccmH_2
[19:15:06] Fixed 2 duplicate /gene - sbmC_1 sbmC_2
[19:15:06] Fixed 2 duplicate /gene - malP_1 malP_2
[19:15:06] Fixed 2 duplicate /gene - hokE_1 hokE_2
[19:15:06] Fixed 2 duplicate /gene - uvrB_1 uvrB_2
[19:15:06] Fixed 2 duplicate /gene - aaeB_1 aaeB_2
[19:15:06] Fixed 2 duplicate /gene - fumB_1 fumB_2
[19:15:06] Fixed 2 duplicate /gene - ubiH_1 ubiH_2
[19:15:06] Fixed 2 duplicate /gene - pheS_1 pheS_2
[19:15:06] Fixed 2 duplicate /gene - emrK_1 emrK_2
[19:15:06] Fixed 2 duplicate /gene - fimH_1 fimH_2
[19:15:06] Fixed 2 duplicate /gene - yrdA_1 yrdA_2
[19:15:06] Fixed 2 duplicate /gene - chbA_1 chbA_2
[19:15:06] Fixed 2 duplicate /gene - ynbA_1 ynbA_2
[19:15:06] Fixed 2 duplicate /gene - tas_1 tas_2
[19:15:06] Fixed 2 duplicate /gene - carB_1 carB_2
[19:15:06] Fixed 3 duplicate /gene - sorB_1 sorB_2 sorB_3
[19:15:06] Fixed 2 duplicate /gene - cysQ_1 cysQ_2
[19:15:06] Fixed 2 duplicate /gene - tdcD_1 tdcD_2
[19:15:06] Fixed 2 duplicate /gene - flgE_1 flgE_2
[19:15:06] Fixed 2 duplicate /gene - kgtP_1 kgtP_2
[19:15:06] Fixed 2 duplicate /gene - acrF_1 acrF_2
[19:15:06] Fixed 2 duplicate /gene - yphB_1 yphB_2
[19:15:06] Fixed 2 duplicate /gene - bcr_1 bcr_2
[19:15:06] Fixed 3 duplicate /gene - pdhR_1 pdhR_2 pdhR_3
[19:15:06] Fixed 2 duplicate /gene - ptsH_1 ptsH_2
[19:15:06] Fixed 2 duplicate /gene - btuB_1 btuB_2
[19:15:06] Fixed 2 duplicate /gene - rrrD_1 rrrD_2
[19:15:06] Fixed 2 duplicate /gene - fmt_1 fmt_2
[19:15:06] Fixed 5 duplicate /gene - rbsC_1 rbsC_2 rbsC_3 rbsC_4 rbsC_5
[19:15:06] Fixed 2 duplicate /gene - fucP_1 fucP_2
[19:15:06] Fixed 2 duplicate /gene - hemR_1 hemR_2
[19:15:06] Fixed 2 duplicate /gene - ssuB_1 ssuB_2
[19:15:06] Fixed 2 duplicate /gene - osmY_1 osmY_2
[19:15:06] Fixed 2 duplicate /gene - ybdM_1 ybdM_2
[19:15:06] Fixed 2 duplicate /gene - ecfA1_1 ecfA1_2
[19:15:06] Fixed 4 duplicate /gene - dmlR_1 dmlR_2 dmlR_3 dmlR_4
[19:15:06] Fixed 3 duplicate /gene - hdfR_1 hdfR_2 hdfR_3
[19:15:06] Fixed 2 duplicate /gene - traJ_1 traJ_2
[19:15:06] Fixed 2 duplicate /gene - queC_1 queC_2
[19:15:06] Fixed 2 duplicate /gene - lutA_1 lutA_2
[19:15:06] Fixed 5 duplicate /gene - glnQ_1 glnQ_2 glnQ_3 glnQ_4 glnQ_5
[19:15:06] Fixed 2 duplicate /gene - mnmE_1 mnmE_2
[19:15:06] Fixed 2 duplicate /gene - appX_1 appX_2
[19:15:06] Fixed 2 duplicate /gene - glyS_1 glyS_2
[19:15:06] Fixed 2 duplicate /gene - fic_1 fic_2
[19:15:06] Fixed 2 duplicate /gene - purK_1 purK_2
[19:15:06] Fixed 2 duplicate /gene - malX_1 malX_2
[19:15:06] Fixed 2 duplicate /gene - chbC_1 chbC_2
[19:15:06] Fixed 3 duplicate /gene - lexA_1 lexA_2 lexA_3
[19:15:06] Fixed 2 duplicate /gene - sapB_1 sapB_2
[19:15:06] Fixed 2 duplicate /gene - rpmH_1 rpmH_2
[19:15:06] Fixed 2 duplicate /gene - lepB_1 lepB_2
[19:15:06] Fixed 2 duplicate /gene - sucD_1 sucD_2
[19:15:06] Fixed 2 duplicate /gene - nudE_1 nudE_2
[19:15:06] Fixed 2 duplicate /gene - argF_1 argF_2
[19:15:06] Fixed 2 duplicate /gene - fdnG_1 fdnG_2
[19:15:06] Fixed 2 duplicate /gene - dgt_1 dgt_2
[19:15:06] Fixed 2 duplicate /gene - fryB_1 fryB_2
[19:15:06] Fixed 2 duplicate /gene - msbA_1 msbA_2
[19:15:06] Fixed 2 duplicate /gene - pspB_1 pspB_2
[19:15:06] Fixed 2 duplicate /gene - yhhT_1 yhhT_2
[19:15:06] Fixed 2 duplicate /gene - intS_1 intS_2
[19:15:06] Fixed 2 duplicate /gene - tar_1 tar_2
[19:15:06] Fixed 3 duplicate /gene - kbaY_1 kbaY_2 kbaY_3
[19:15:06] Fixed 2 duplicate /gene - slp_1 slp_2
[19:15:06] Fixed 2 duplicate /gene - crt_1 crt_2
[19:15:06] Fixed 2 duplicate /gene - bioD1_1 bioD1_2
[19:15:06] Fixed 2 duplicate /gene - kduD_1 kduD_2
[19:15:06] Fixed 2 duplicate /gene - zraR_1 zraR_2
[19:15:06] Fixed 3 duplicate /gene - rbsA_1 rbsA_2 rbsA_3
[19:15:06] Fixed 4 duplicate /gene - hyfA_1 hyfA_2 hyfA_3 hyfA_4
[19:15:06] Fixed 2 duplicate /gene - trmH_1 trmH_2
[19:15:06] Fixed 2 duplicate /gene - mtlK_1 mtlK_2
[19:15:06] Fixed 2 duplicate /gene - cra_1 cra_2
[19:15:06] Fixed 2 duplicate /gene - rutG_1 rutG_2
[19:15:06] Fixed 2 duplicate /gene - prpB_1 prpB_2
[19:15:06] Fixed 2 duplicate /gene - ydgA_1 ydgA_2
[19:15:06] Fixed 2 duplicate /gene - ylpA_1 ylpA_2
[19:15:06] Fixed 2 duplicate /gene - epsM_1 epsM_2
[19:15:06] Fixed 2 duplicate /gene - fimC_1 fimC_2
[19:15:06] Fixed 2 duplicate /gene - cutC_1 cutC_2
[19:15:06] Fixed 2 duplicate /gene - fimF_1 fimF_2
[19:15:06] Fixed 2 duplicate /gene - fdoG_1 fdoG_2
[19:15:06] Fixed 2 duplicate /gene - mglA_1 mglA_2
[19:15:06] Fixed 2 duplicate /gene - ydfO_1 ydfO_2
[19:15:06] Fixed 2 duplicate /gene - mshA_1 mshA_2
[19:15:06] Fixed 2 duplicate /gene - ccmF_1 ccmF_2
[19:15:06] Fixed 2 duplicate /gene - bioF_1 bioF_2
[19:15:06] Fixed 2 duplicate /gene - tsx_1 tsx_2
[19:15:06] Fixed 2 duplicate /gene - pitA_1 pitA_2
[19:15:06] Fixed 2 duplicate /gene - yhhQ_1 yhhQ_2
[19:15:06] Fixed 2 duplicate /gene - csy2_1 csy2_2
[19:15:06] Fixed 2 duplicate /gene - deoB_1 deoB_2
[19:15:06] Fixed 2 duplicate /gene - yfcS_1 yfcS_2
[19:15:06] Fixed 2 duplicate /gene - papC_1 papC_2
[19:15:06] Fixed 2 duplicate /gene - rho_1 rho_2
[19:15:06] Fixed 2 duplicate /gene - fucK_1 fucK_2
[19:15:06] Fixed 2 duplicate /gene - ampG_1 ampG_2
[19:15:06] Fixed 2 duplicate /gene - tmk_1 tmk_2
[19:15:06] Fixed 3 duplicate /gene - gatB_1 gatB_2 gatB_3
[19:15:06] Fixed 5 duplicate /gene - klcA_1 klcA_2 klcA_3 klcA_4 klcA_5
[19:15:06] Fixed 2 duplicate /gene - melR_1 melR_2
[19:15:06] Fixed 4 duplicate /gene - ygcS_1 ygcS_2 ygcS_3 ygcS_4
[19:15:06] Fixed 2 duplicate /gene - aaeA_1 aaeA_2
[19:15:06] Fixed 2 duplicate /gene - clpP_1 clpP_2
[19:15:06] Fixed 2 duplicate /gene - gstB_1 gstB_2
[19:15:06] Fixed 3 duplicate /gene - mntB_1 mntB_2 mntB_3
[19:15:06] Fixed 2 duplicate /gene - nanR_1 nanR_2
[19:15:06] Fixed 2 duplicate /gene - lolB_1 lolB_2
[19:15:06] Fixed 2 duplicate /gene - der_1 der_2
[19:15:06] Fixed 4 duplicate /gene - arcC1_1 arcC1_2 arcC1_3 arcC1_4
[19:15:06] Fixed 2 duplicate /gene - zapE_1 zapE_2
[19:15:06] Fixed 2 duplicate /gene - lon_1 lon_2
[19:15:06] Fixed 2 duplicate /gene - caiA_1 caiA_2
[19:15:06] Fixed 2 duplicate /gene - argE_1 argE_2
[19:15:06] Fixed 2 duplicate /gene - leuS_1 leuS_2
[19:15:06] Fixed 3 duplicate /gene - ftsA_1 ftsA_2 ftsA_3
[19:15:06] Fixed 2 duplicate /gene - fepC_1 fepC_2
[19:15:06] Fixed 2 duplicate /gene - rsmE_1 rsmE_2
[19:15:06] Fixed 3 duplicate /gene - carA_1 carA_2 carA_3
[19:15:06] Fixed 3 duplicate /gene - cbtA_1 cbtA_2 cbtA_3
[19:15:06] Fixed 2 duplicate /gene - dadA_1 dadA_2
[19:15:06] Fixed 5 duplicate /gene - intA_1 intA_2 intA_3 intA_4 intA_5
[19:15:06] Fixed 2 duplicate /gene - xdhA_1 xdhA_2
[19:15:06] Fixed 2 duplicate /gene - msrQ_1 msrQ_2
[19:15:06] Fixed 2 duplicate /gene - pncC_1 pncC_2
[19:15:06] Fixed 2 duplicate /gene - icd_1 icd_2
[19:15:06] Fixed 2 duplicate /gene - lptG_1 lptG_2
[19:15:06] Fixed 2 duplicate /gene - nuoI_1 nuoI_2
[19:15:06] Fixed 2 duplicate /gene - rpoC_1 rpoC_2
[19:15:06] Fixed 2 duplicate /gene - atpG_1 atpG_2
[19:15:06] Fixed 2 duplicate /gene - sdiA_1 sdiA_2
[19:15:06] Fixed 2 duplicate /gene - alsC_1 alsC_2
[19:15:06] Fixed 3 duplicate /gene - gatC_1 gatC_2 gatC_3
[19:15:06] Fixed 2 duplicate /gene - nadR_1 nadR_2
[19:15:06] Fixed 2 duplicate /gene - cheB_1 cheB_2
[19:15:06] Fixed 3 duplicate /gene - brnQ_1 brnQ_2 brnQ_3
[19:15:06] Fixed 2 duplicate /gene - lpxA_1 lpxA_2
[19:15:06] Fixed 2 duplicate /gene - ytfE_1 ytfE_2
[19:15:06] Fixed 2 duplicate /gene - traA_1 traA_2
[19:15:06] Fixed 2 duplicate /gene - ygdR_1 ygdR_2
[19:15:06] Fixed 2 duplicate /gene - hmuU_1 hmuU_2
[19:15:06] Fixed 2 duplicate /gene - chuR_1 chuR_2
[19:15:06] Fixed 3 duplicate /gene - yahB_1 yahB_2 yahB_3
[19:15:06] Fixed 2 duplicate /gene - galK_1 galK_2
[19:15:06] Fixed 2 duplicate /gene - cspE_1 cspE_2
[19:15:06] Fixed 4 duplicate /gene - manZ_1 manZ_2 manZ_3 manZ_4
[19:15:06] Fixed 4 duplicate /gene - fabG_1 fabG_2 fabG_3 fabG_4
[19:15:06] Fixed 2 duplicate /gene - thlA_1 thlA_2
[19:15:06] Fixed 3 duplicate /gene - fixX_1 fixX_2 fixX_3
[19:15:06] Fixed 2 duplicate /gene - hfq_1 hfq_2
[19:15:06] Fixed 2 duplicate /gene - oppF_1 oppF_2
[19:15:06] Fixed 2 duplicate /gene - ybhK_1 ybhK_2
[19:15:06] Fixed 2 duplicate /gene - dbpA_1 dbpA_2
[19:15:06] Fixed 2 duplicate /gene - cusC_1 cusC_2
[19:15:06] Fixed 3 duplicate /gene - bhsA_1 bhsA_2 bhsA_3
[19:15:06] Fixed 2 duplicate /gene - purU_1 purU_2
[19:15:06] Fixed 2 duplicate /gene - dmsC_1 dmsC_2
[19:15:06] Fixed 2 duplicate /gene - nrdB_1 nrdB_2
[19:15:06] Fixed 2 duplicate /gene - rtcB_1 rtcB_2
[19:15:06] Fixed 3 duplicate /gene - rpe_1 rpe_2 rpe_3
[19:15:06] Fixed 2 duplicate /gene - gatD_1 gatD_2
[19:15:06] Fixed 2 duplicate /gene - bglA_1 bglA_2
[19:15:06] Fixed 2 duplicate /gene - yebT_1 yebT_2
[19:15:06] Fixed 2 duplicate /gene - hycI_1 hycI_2
[19:15:06] Fixed 2 duplicate /gene - prmC_1 prmC_2
[19:15:06] Fixed 2 duplicate /gene - exuT_1 exuT_2
[19:15:06] Fixed 3 duplicate /gene - sotB_1 sotB_2 sotB_3
[19:15:06] Fixed 2 duplicate /gene - mexB_1 mexB_2
[19:15:06] Fixed 2 duplicate /gene - dgoA_1 dgoA_2
[19:15:06] Fixed 2 duplicate /gene - fdhF_1 fdhF_2
[19:15:06] Fixed 2 duplicate /gene - prpR_1 prpR_2
[19:15:06] Fixed 2 duplicate /gene - pikAV_1 pikAV_2
[19:15:06] Fixed 2 duplicate /gene - nadC_1 nadC_2
[19:15:06] Fixed 2 duplicate /gene - ompX_1 ompX_2
[19:15:06] Fixed 2 duplicate /gene - tktA_1 tktA_2
[19:15:06] Fixed 2 duplicate /gene - artM_1 artM_2
[19:15:06] Fixed 2 duplicate /gene - acs_1 acs_2
[19:15:06] Fixed 3 duplicate /gene - gntR_1 gntR_2 gntR_3
[19:15:06] Fixed 2 duplicate /gene - rlhA_1 rlhA_2
[19:15:06] Fixed 2 duplicate /gene - mepA_1 mepA_2
[19:15:06] Fixed 2 duplicate /gene - fliI_1 fliI_2
[19:15:06] Fixed 4 duplicate /gene - xerC_1 xerC_2 xerC_3 xerC_4
[19:15:06] Fixed 2 duplicate /gene - topA_1 topA_2
[19:15:06] Fixed 3 duplicate /gene - fixA_1 fixA_2 fixA_3
[19:15:06] Fixed 2 duplicate /gene - ldrD_1 ldrD_2
[19:15:06] Fixed 2 duplicate /gene - astD_1 astD_2
[19:15:06] Fixed 2 duplicate /gene - ybbH_1 ybbH_2
[19:15:06] Fixed 2 duplicate /gene - mlc_1 mlc_2
[19:15:06] Fixed 3 duplicate /gene - deoR_1 deoR_2 deoR_3
[19:15:06] Fixed 2 duplicate /gene - livH_1 livH_2
[19:15:06] Fixed 2 duplicate /gene - gcvT_1 gcvT_2
[19:15:06] Fixed 2 duplicate /gene - prfA_1 prfA_2
[19:15:06] Fixed 2 duplicate /gene - plaP_1 plaP_2
[19:15:06] Fixed 2 duplicate /gene - ulaB_1 ulaB_2
[19:15:06] Fixed 2 duplicate /gene - adiA_1 adiA_2
[19:15:06] Fixed 4 duplicate /gene - bglH_1 bglH_2 bglH_3 bglH_4
[19:15:06] Fixed 2 duplicate /gene - ycjY_1 ycjY_2
[19:15:06] Fixed 2 duplicate /gene - clpV1_1 clpV1_2
[19:15:06] Fixed 2 duplicate /gene - dgoK1_1 dgoK1_2
[19:15:06] Fixed 2 duplicate /gene - nimR_1 nimR_2
[19:15:06] Fixed 2 duplicate /gene - glcR_1 glcR_2
[19:15:06] Fixed 2 duplicate /gene - sucB_1 sucB_2
[19:15:06] Fixed 2 duplicate /gene - tsf_1 tsf_2
[19:15:06] Fixed 2 duplicate /gene - rutB_1 rutB_2
[19:15:06] Fixed 2 duplicate /gene - ispH_1 ispH_2
[19:15:06] Fixed 2 duplicate /gene - emrB_1 emrB_2
[19:15:06] Fixed 2 duplicate /gene - cyaY_1 cyaY_2
[19:15:06] Fixed 2 duplicate /gene - epsE_1 epsE_2
[19:15:06] Fixed 2 duplicate /gene - rplO_1 rplO_2
[19:15:06] Fixed 2 duplicate /gene - fepD_1 fepD_2
[19:15:06] Fixed 2 duplicate /gene - frwD_1 frwD_2
[19:15:06] Fixed 2 duplicate /gene - mngR_1 mngR_2
[19:15:06] Fixed 2 duplicate /gene - kdgK_1 kdgK_2
[19:15:06] Fixed 2 duplicate /gene - gadX_1 gadX_2
[19:15:06] Fixed 2 duplicate /gene - resA_1 resA_2
[19:15:06] Fixed 2 duplicate /gene - hns_1 hns_2
[19:15:06] Fixed 2 duplicate /gene - ydjF_1 ydjF_2
[19:15:06] Fixed 2 duplicate /gene - yhdJ_1 yhdJ_2
[19:15:06] Fixed 2 duplicate /gene - yieH_1 yieH_2
[19:15:06] Fixed 3 duplicate /gene - ulaE_1 ulaE_2 ulaE_3
[19:15:06] Fixed 2 duplicate /gene - argG_1 argG_2
[19:15:06] Fixed 2 duplicate /gene - lgoD_1 lgoD_2
[19:15:06] Fixed 2 duplicate /gene - prs_1 prs_2
[19:15:06] Fixed 2 duplicate /gene - menD_1 menD_2
[19:15:06] Fixed 3 duplicate /gene - ptsG_1 ptsG_2 ptsG_3
[19:15:06] Fixed 2 duplicate /gene - ybiT_1 ybiT_2
[19:15:06] Fixed 2 duplicate /gene - oleD_1 oleD_2
[19:15:06] Fixed 2 duplicate /gene - narV_1 narV_2
[19:15:06] Fixed 2 duplicate /gene - rbsK_1 rbsK_2
[19:15:06] Fixed 3 duplicate /gene - norR_1 norR_2 norR_3
[19:15:06] Fixed 2 duplicate /gene - fimD_1 fimD_2
[19:15:06] Fixed 4 duplicate /gene - cutD_1 cutD_2 cutD_3 cutD_4
[19:15:06] Fixed 2 duplicate /gene - mtlA_1 mtlA_2
[19:15:06] Fixed 2 duplicate /gene - dhbE_1 dhbE_2
[19:15:06] Fixed 2 duplicate /gene - lptB_1 lptB_2
[19:15:06] Fixed 3 duplicate /gene - cntO_1 cntO_2 cntO_3
[19:15:06] Fixed 2 duplicate /gene - fucA_1 fucA_2
[19:15:06] Fixed 3 duplicate /gene - metK_1 metK_2 metK_3
[19:15:06] Fixed 2 duplicate /gene - ycbB_1 ycbB_2
[19:15:06] Fixed 2 duplicate /gene - agp_1 agp_2
[19:15:06] Fixed 5 duplicate /gene - rhaS_1 rhaS_2 rhaS_3 rhaS_4 rhaS_5
[19:15:06] Fixed 3 duplicate /gene - dmlA_1 dmlA_2 dmlA_3
[19:15:06] Fixed 2 duplicate /gene - dmsB_1 dmsB_2
[19:15:06] Fixed 2 duplicate /gene - mepS_1 mepS_2
[19:15:06] Fixed 2 duplicate /gene - acpP_1 acpP_2
[19:15:06] Fixed 2 duplicate /gene - ydiF_1 ydiF_2
[19:15:06] Fixed 2 duplicate /gene - mggB_1 mggB_2
[19:15:06] Fixed 2 duplicate /gene - argR_1 argR_2
[19:15:06] Fixed 2 duplicate /gene - narL_1 narL_2
[19:15:06] Fixed 2 duplicate /gene - cytR_1 cytR_2
[19:15:06] Fixed 2 duplicate /gene - fldP_1 fldP_2
[19:15:06] Fixed 2 duplicate /gene - hcaR_1 hcaR_2
[19:15:06] Fixed 4 duplicate /gene - manX_1 manX_2 manX_3 manX_4
[19:15:06] Fixed 2 duplicate /gene - glpG_1 glpG_2
[19:15:06] Fixed 2 duplicate /gene - mcbA_1 mcbA_2
[19:15:06] Fixed 2 duplicate /gene - epsF_1 epsF_2
[19:15:06] Fixed 2 duplicate /gene - psuK_1 psuK_2
[19:15:06] Fixed 2 duplicate /gene - proA_1 proA_2
[19:15:06] Fixed 2 duplicate /gene - sucC_1 sucC_2
[19:15:06] Fixed 2 duplicate /gene - nanE_1 nanE_2
[19:15:06] Fixed 2 duplicate /gene - tdh_1 tdh_2
[19:15:06] Fixed 2 duplicate /gene - ydjE_1 ydjE_2
[19:15:06] Fixed 2 duplicate /gene - lpfA_1 lpfA_2
[19:15:06] Fixed 2 duplicate /gene - cysE_1 cysE_2
[19:15:06] Fixed 2 duplicate /gene - ulaC_1 ulaC_2
[19:15:06] Fixed 2 duplicate /gene - COQ5_1 COQ5_2
[19:15:06] Fixed 3 duplicate /gene - lolD_1 lolD_2 lolD_3
[19:15:06] Fixed 2 duplicate /gene - ygiD_1 ygiD_2
[19:15:06] Fixed 2 duplicate /gene - fimG_1 fimG_2
[19:15:06] Fixed 2 duplicate /gene - gatY_1 gatY_2
[19:15:06] Fixed 2 duplicate /gene - agaC_1 agaC_2
[19:15:06] Fixed 2 duplicate /gene - lldR_1 lldR_2
[19:15:06] Fixed 423 colliding /gene names.
[19:15:06] Adding /locus_tag identifiers
[19:15:06] Assigned 5306 locus_tags to CDS and RNA features.
[19:15:06] Writing outputs to prokka_03S58/
[19:15:08] Generating annotation statistics file
[19:15:08] Generating Genbank and Sequin files
[19:15:08] Running: tbl2asn -V b -a r10k -l paired-ends -M n -N 1 -y 'Annotated using prokka 1.14.6 from https://github.com/tseemann/prokka' -Z prokka_03S58\/PROKKA_05042025\.err -i prokka_03S58\/PROKKA_05042025\.fsa 2> /dev/null
[19:16:09] Deleting unwanted file: prokka_03S58/errorsummary.val
[19:16:09] Deleting unwanted file: prokka_03S58/PROKKA_05042025.dr
[19:16:09] Deleting unwanted file: prokka_03S58/PROKKA_05042025.fixedproducts
[19:16:09] Deleting unwanted file: prokka_03S58/PROKKA_05042025.ecn
[19:16:09] Deleting unwanted file: prokka_03S58/PROKKA_05042025.val
[19:16:09] Repairing broken .GBK output that tbl2asn produces...
[19:16:09] Running: sed 's/COORDINATES: profile/COORDINATES:profile/' < prokka_03S58\/PROKKA_05042025\.gbf > prokka_03S58\/PROKKA_05042025\.gbk
[19:16:09] Deleting unwanted file: prokka_03S58/PROKKA_05042025.gbf
[19:16:09] Output files:
[19:16:09] prokka_03S58/PROKKA_05042025.log
[19:16:09] prokka_03S58/PROKKA_05042025.fna
[19:16:09] prokka_03S58/PROKKA_05042025.gff
[19:16:09] prokka_03S58/PROKKA_05042025.faa
[19:16:09] prokka_03S58/PROKKA_05042025.ffn
[19:16:09] prokka_03S58/PROKKA_05042025.tbl
[19:16:09] prokka_03S58/PROKKA_05042025.fsa
[19:16:09] prokka_03S58/PROKKA_05042025.tsv
[19:16:09] prokka_03S58/PROKKA_05042025.txt
[19:16:09] prokka_03S58/PROKKA_05042025.err
[19:16:09] prokka_03S58/PROKKA_05042025.sqn
[19:16:09] prokka_03S58/PROKKA_05042025.gbk
[19:16:09] Annotation finished successfully.
[19:16:09] Walltime used: 1.82 minutes
[19:16:09] If you use this result please cite the Prokka paper:
[19:16:09] Seemann T (2014) Prokka: rapid prokaryotic genome annotation. Bioinformatics. 30(14):2068-9.
[19:16:09] Type 'prokka --citation' for more details.
[19:16:09] Share and enjoy!
